This is pdfTeX, Version 3.14159265-2.6-1.40.16 (TeX Live 2015) (preloaded format=pdflatex 2015.5.24)  31 AUG 2015 16:21
entering extended mode
 restricted \write18 enabled.
 file:line:error style messages enabled.
 %&-line parsing enabled.
**mpeter39exercises1.tex
(./mpeter39exercises1.tex
LaTeX2e <2015/01/01>
Babel <3.9l> and hyphenation patterns for 79 languages loaded.
(/usr/local/texlive/2015/texmf-dist/tex/latex/base/article.cls
Document Class: article 2014/09/29 v1.4h Standard LaTeX document class
(/usr/local/texlive/2015/texmf-dist/tex/latex/base/size10.clo
File: size10.clo 2014/09/29 v1.4h Standard LaTeX file (size option)
)
\c@part=\count79
\c@section=\count80
\c@subsection=\count81
\c@subsubsection=\count82
\c@paragraph=\count83
\c@subparagraph=\count84
\c@figure=\count85
\c@table=\count86
\abovecaptionskip=\skip41
\belowcaptionskip=\skip42
\bibindent=\dimen102
)
(/usr/local/texlive/2015/texmf-dist/tex/latex/amsmath/amsmath.sty
Package: amsmath 2013/01/14 v2.14 AMS math features
\@mathmargin=\skip43

For additional information on amsmath, use the `?' option.
(/usr/local/texlive/2015/texmf-dist/tex/latex/amsmath/amstext.sty
Package: amstext 2000/06/29 v2.01

(/usr/local/texlive/2015/texmf-dist/tex/latex/amsmath/amsgen.sty
File: amsgen.sty 1999/11/30 v2.0
\@emptytoks=\toks14
\ex@=\dimen103
))
(/usr/local/texlive/2015/texmf-dist/tex/latex/amsmath/amsbsy.sty
Package: amsbsy 1999/11/29 v1.2d
\pmbraise@=\dimen104
)
(/usr/local/texlive/2015/texmf-dist/tex/latex/amsmath/amsopn.sty
Package: amsopn 1999/12/14 v2.01 operator names
)
\inf@bad=\count87
LaTeX Info: Redefining \frac on input line 210.
\uproot@=\count88
\leftroot@=\count89
LaTeX Info: Redefining \overline on input line 306.
\classnum@=\count90
\DOTSCASE@=\count91
LaTeX Info: Redefining \ldots on input line 378.
LaTeX Info: Redefining \dots on input line 381.
LaTeX Info: Redefining \cdots on input line 466.
\Mathstrutbox@=\box26
\strutbox@=\box27
\big@size=\dimen105
LaTeX Font Info:    Redeclaring font encoding OML on input line 566.
LaTeX Font Info:    Redeclaring font encoding OMS on input line 567.
\macc@depth=\count92
\c@MaxMatrixCols=\count93
\dotsspace@=\muskip10
\c@parentequation=\count94
\dspbrk@lvl=\count95
\tag@help=\toks15
\row@=\count96
\column@=\count97
\maxfields@=\count98
\andhelp@=\toks16
\eqnshift@=\dimen106
\alignsep@=\dimen107
\tagshift@=\dimen108
\tagwidth@=\dimen109
\totwidth@=\dimen110
\lineht@=\dimen111
\@envbody=\toks17
\multlinegap=\skip44
\multlinetaggap=\skip45
\mathdisplay@stack=\toks18
LaTeX Info: Redefining \[ on input line 2665.
LaTeX Info: Redefining \] on input line 2666.
)
(/usr/local/texlive/2015/texmf-dist/tex/latex/enumitem/enumitem.sty
Package: enumitem 2011/09/28 v3.5.2 Customized lists
\enitkv@toks@=\toks19
\labelindent=\skip46
\enit@outerparindent=\dimen112
\enit@toks=\toks20
\enit@inbox=\box28
\enitdp@description=\count99
)
(/usr/local/texlive/2015/texmf-dist/tex/latex/amsfonts/amssymb.sty
Package: amssymb 2013/01/14 v3.01 AMS font symbols

(/usr/local/texlive/2015/texmf-dist/tex/latex/amsfonts/amsfonts.sty
Package: amsfonts 2013/01/14 v3.01 Basic AMSFonts support
\symAMSa=\mathgroup4
\symAMSb=\mathgroup5
LaTeX Font Info:    Overwriting math alphabet `\mathfrak' in version `bold'
(Font)                  U/euf/m/n --> U/euf/b/n on input line 106.
))
(./mpeter39exercises1.aux)
\openout1 = `mpeter39exercises1.aux'.

LaTeX Font Info:    Checking defaults for OML/cmm/m/it on input line 20.
LaTeX Font Info:    ... okay on input line 20.
LaTeX Font Info:    Checking defaults for T1/cmr/m/n on input line 20.
LaTeX Font Info:    ... okay on input line 20.
LaTeX Font Info:    Checking defaults for OT1/cmr/m/n on input line 20.
LaTeX Font Info:    ... okay on input line 20.
LaTeX Font Info:    Checking defaults for OMS/cmsy/m/n on input line 20.
LaTeX Font Info:    ... okay on input line 20.
LaTeX Font Info:    Checking defaults for OMX/cmex/m/n on input line 20.
LaTeX Font Info:    ... okay on input line 20.
LaTeX Font Info:    Checking defaults for U/cmr/m/n on input line 20.
LaTeX Font Info:    ... okay on input line 20.
LaTeX Font Info:    Try loading font information for U+msa on input line 22.

(/usr/local/texlive/2015/texmf-dist/tex/latex/amsfonts/umsa.fd
File: umsa.fd 2013/01/14 v3.01 AMS symbols A
)
LaTeX Font Info:    Try loading font information for U+msb on input line 22.

(/usr/local/texlive/2015/texmf-dist/tex/latex/amsfonts/umsb.fd
File: umsb.fd 2013/01/14 v3.01 AMS symbols B
) [1

{/usr/local/texlive/2015/texmf-var/fonts/map/pdftex/updmap/pdftex.map}]
Overfull \hbox (48.60063pt too wide) in paragraph at lines 65--66
[]\OT1/cmr/m/n/10 Domain of $\OML/cmm/m/it/10 g \OT1/cmr/m/n/10 : \OMS/cmsy/m/n
/10 f\OT1/cmr/m/n/10 (1\OML/cmm/m/it/10 ; \OT1/cmr/m/n/10 6)\OML/cmm/m/it/10 ; 
\OT1/cmr/m/n/10 (1\OML/cmm/m/it/10 ; \OT1/cmr/m/n/10 7)\OML/cmm/m/it/10 ; \OT1/
cmr/m/n/10 (1\OML/cmm/m/it/10 ; \OT1/cmr/m/n/10 8)\OML/cmm/m/it/10 ; \OT1/cmr/m
/n/10 (1\OML/cmm/m/it/10 ; \OT1/cmr/m/n/10 9)\OML/cmm/m/it/10 ; \OT1/cmr/m/n/10
 (1\OML/cmm/m/it/10 ; \OT1/cmr/m/n/10 10)\OML/cmm/m/it/10 ; \OT1/cmr/m/n/10 (2\
OML/cmm/m/it/10 ; \OT1/cmr/m/n/10 6)\OML/cmm/m/it/10 ; \OT1/cmr/m/n/10 (2\OML/c
mm/m/it/10 ; \OT1/cmr/m/n/10 7)\OML/cmm/m/it/10 ; \OT1/cmr/m/n/10 (2\OML/cmm/m/
it/10 ; \OT1/cmr/m/n/10 8)\OML/cmm/m/it/10 ; \OT1/cmr/m/n/10 (2\OML/cmm/m/it/10
 ; \OT1/cmr/m/n/10 9)\OML/cmm/m/it/10 ; \OT1/cmr/m/n/10 (2\OML/cmm/m/it/10 ; \O
T1/cmr/m/n/10 10)\OML/cmm/m/it/10 ; \OT1/cmr/m/n/10 (3\OML/cmm/m/it/10 ; \OT1/c
mr/m/n/10 6)\OML/cmm/m/it/10 ; [] 
 []


Overfull \hbox (68.88887pt too wide) in paragraph at lines 65--66
\OT1/cmr/m/n/10 (3\OML/cmm/m/it/10 ; \OT1/cmr/m/n/10 7)\OML/cmm/m/it/10 ; \OT1/
cmr/m/n/10 (3\OML/cmm/m/it/10 ; \OT1/cmr/m/n/10 8)\OML/cmm/m/it/10 ; \OT1/cmr/m
/n/10 (3\OML/cmm/m/it/10 ; \OT1/cmr/m/n/10 9)\OML/cmm/m/it/10 ; \OT1/cmr/m/n/10
 (3\OML/cmm/m/it/10 ; \OT1/cmr/m/n/10 10)\OML/cmm/m/it/10 ; \OT1/cmr/m/n/10 (4\
OML/cmm/m/it/10 ; \OT1/cmr/m/n/10 6)\OML/cmm/m/it/10 ; \OT1/cmr/m/n/10 (4\OML/c
mm/m/it/10 ; \OT1/cmr/m/n/10 7)\OML/cmm/m/it/10 ; \OT1/cmr/m/n/10 (4\OML/cmm/m/
it/10 ; \OT1/cmr/m/n/10 8)\OML/cmm/m/it/10 ; \OT1/cmr/m/n/10 (4\OML/cmm/m/it/10
 ; \OT1/cmr/m/n/10 9)\OML/cmm/m/it/10 ; \OT1/cmr/m/n/10 (4\OML/cmm/m/it/10 ; \O
T1/cmr/m/n/10 10)\OML/cmm/m/it/10 ; \OT1/cmr/m/n/10 (5\OML/cmm/m/it/10 ; \OT1/c
mr/m/n/10 6)\OML/cmm/m/it/10 ; \OT1/cmr/m/n/10 (5\OML/cmm/m/it/10 ; \OT1/cmr/m/
n/10 7)\OML/cmm/m/it/10 ; \OT1/cmr/m/n/10 (5\OML/cmm/m/it/10 ; \OT1/cmr/m/n/10 
8)\OML/cmm/m/it/10 ; \OT1/cmr/m/n/10 (5\OML/cmm/m/it/10 ; \OT1/cmr/m/n/10 9)\OM
L/cmm/m/it/10 ; \OT1/cmr/m/n/10 (5\OML/cmm/m/it/10 ; \OT1/cmr/m/n/10 10)\OMS/cm
sy/m/n/10 g[] 
 []

[2] (./mpeter39exercises1.aux) ) 
Here is how much of TeX's memory you used:
 1407 strings out of 493089
 17418 string characters out of 6134842
 73906 words of memory out of 5000000
 4925 multiletter control sequences out of 15000+600000
 10898 words of font info for 43 fonts, out of 8000000 for 9000
 1141 hyphenation exceptions out of 8191
 27i,6n,26p,267b,200s stack positions out of 5000i,500n,10000p,200000b,80000s
</usr/local/texlive/2015/texmf-dist/fonts/type1
/public/amsfonts/cm/cmbx10.pfb></usr/local/texlive/2015/texmf-dist/fonts/type1/
public/amsfonts/cm/cmbx12.pfb></usr/local/texlive/2015/texmf-dist/fonts/type1/p
ublic/amsfonts/cm/cmmi10.pfb></usr/local/texlive/2015/texmf-dist/fonts/type1/pu
blic/amsfonts/cm/cmmi7.pfb></usr/local/texlive/2015/texmf-dist/fonts/type1/publ
ic/amsfonts/cm/cmr10.pfb></usr/local/texlive/2015/texmf-dist/fonts/type1/public
/amsfonts/cm/cmr12.pfb></usr/local/texlive/2015/texmf-dist/fonts/type1/public/a
msfonts/cm/cmr17.pfb></usr/local/texlive/2015/texmf-dist/fonts/type1/public/ams
fonts/cm/cmsy10.pfb></usr/local/texlive/2015/texmf-dist/fonts/type1/public/amsf
onts/symbols/msbm10.pfb>
Output written on mpeter39exercises1.pdf (2 pages, 88938 bytes).
PDF statistics:
 47 PDF objects out of 1000 (max. 8388607)
 33 compressed objects within 1 object stream
 0 named destinations out of 1000 (max. 500000)
 1 words of extra memory for PDF output out of 10000 (max. 10000000)

