# timestamp | duration | file | instruction | dir | modtime | etag | size | fileId | status | errorString | http result code | other size | other modtime | other etag | other fileId | other instruction
#=#=#=# Syncrun started 2016-02-11T12:33:13 until 2016-02-11T12:33:14 (1919 msec)
18:33:13|779|CS342Proj2.pdf|INST_NEW|Up|1454782571||277074||4||201|0|0|||INST_NONE|
18:33:14|767|MineField.class|INST_NEW|Up|1455200759||2892||4||201|0|0|||INST_NONE|
18:33:15|1527|MineField.java|INST_NEW|Up|1455202424||2530||4||201|0|0|||INST_NONE|
18:33:14|308|ProcessingTier.class|INST_NEW|Up|1455202311||472||4||201|0|0|||INST_NONE|
18:33:14|424|ProcessingTier.java|INST_NEW|Up|1455133362||373||4||201|0|0|||INST_NONE|
#=#=#=# Syncrun started 2016-02-11T12:34:03 until 2016-02-11T12:34:03 (157 msec)
#=#=#=# Syncrun started 2016-02-11T12:37:33 until 2016-02-11T12:37:35 (1478 msec)
18:37:34|1179|MineField.java|INST_SYNC|Up|1455215851||2534||4||204|2530|1455202424|e289def313289c9b61d1dd0d9e84a5bc|00253216ocs3ri6ikcvn|INST_NONE|
#=#=#=# Syncrun started 2016-02-11T12:37:38 until 2016-02-11T12:37:39 (1063 msec)
18:37:39|273|MineField.class|INST_SYNC|Up|1455215856||1740||4||204|2892|1455200759|10294847f798a02dcdd2633945592ef1|00253207ocs3ri6ikcvn|INST_NONE|
18:37:40|594|ProcessingTier.class|INST_SYNC|Up|1455215856||472||4||204|472|1455202311|7bdc2fc15e427b69e1647a7563f3b4f9|00253210ocs3ri6ikcvn|INST_NONE|
#=#=#=# Syncrun started 2016-02-11T12:38:33 until 2016-02-11T12:38:33 (172 msec)
#=#=#=# Syncrun started 2016-02-11T12:44:53 until 2016-02-11T12:44:53 (648 msec)
18:44:53|230|MineField.java|INST_SYNC|Up|1455216290||2692||4||204|2534|1455215851|d194a75a458a8f8f6faf20944336110a|00253216ocs3ri6ikcvn|INST_NONE|
#=#=#=# Syncrun started 2016-02-11T12:45:13 until 2016-02-11T12:45:14 (1098 msec)
18:45:14|291|MineField.java|INST_SYNC|Up|1455216310||2691||4||204|2692|1455216290|54d62d05cff08dd02e11dc1f51490df6|00253216ocs3ri6ikcvn|INST_NONE|
#=#=#=# Syncrun started 2016-02-11T12:45:16 until 2016-02-11T12:45:17 (519 msec)
18:45:17|268|MineField.class|INST_SYNC|Up|1455216314||1866||4||204|1740|1455215856|765807dacc66ced72e8685df8c008207|00253207ocs3ri6ikcvn|INST_NONE|
18:45:17|300|ProcessingTier.class|INST_SYNC|Up|1455216313||472||4||204|472|1455215856|97c5b4ee77a4154723fb77f361c7bc74|00253210ocs3ri6ikcvn|INST_NONE|
#=#=#=# Syncrun started 2016-02-11T12:46:04 until 2016-02-11T12:46:04 (237 msec)
#=#=#=# Syncrun started 2016-02-11T13:05:35 until 2016-02-11T13:05:46 (11765 msec)
19:05:35|11497|MineField.java|INST_SYNC|Up|1455217532||2779||4||204|2691|1455216310|5e6b943d03195964536af40654b91b74|00253216ocs3ri6ikcvn|INST_NONE|
#=#=#=# Syncrun started 2016-02-11T13:05:52 until 2016-02-11T13:05:52 (614 msec)
19:05:52|227|MineField.class|INST_SYNC|Up|1455217541||1934||4||204|1866|1455216314|e22cfc4a78ee12a343e61a01e451f369|00253207ocs3ri6ikcvn|INST_NONE|
19:05:52|293|ProcessingTier.class|INST_SYNC|Up|1455217541||472||4||204|472|1455216313|3fa79688b5d02db71e508e73c5316497|00253210ocs3ri6ikcvn|INST_NONE|
#=#=#=# Syncrun started 2016-02-11T13:06:35 until 2016-02-11T13:06:35 (271 msec)
#=#=#=# Syncrun started 2016-02-11T13:06:50 until 2016-02-11T13:06:51 (458 msec)
19:06:51|229|MineField.java|INST_SYNC|Up|1455217607||2780||4||204|2779|1455217532|ba3bb3e05ad0a458b904a7b5067d5240|00253216ocs3ri6ikcvn|INST_NONE|
#=#=#=# Syncrun started 2016-02-11T13:07:13 until 2016-02-11T13:07:13 (569 msec)
19:07:13|278|MineField.class|INST_SYNC|Up|1455217631||1934||4||204|1934|1455217541|3fd93822b9ef895d60fcd990e41d68e3|00253207ocs3ri6ikcvn|INST_NONE|
19:07:13|348|ProcessingTier.class|INST_SYNC|Up|1455217631||472||4||204|472|1455217541|489e3c45f2660a61125afb367bf36c39|00253210ocs3ri6ikcvn|INST_NONE|
#=#=#=# Syncrun started 2016-02-11T13:08:04 until 2016-02-11T13:08:04 (345 msec)
#=#=#=# Syncrun started 2016-02-11T13:12:36 until 2016-02-11T13:12:36 (439 msec)
19:12:36|272|ProcessingTier.class|INST_SYNC|Up|1455217954||472||4||204|472|1455217631|28d97cdd1a18ed9b20e6f71925d4dac9|00253210ocs3ri6ikcvn|INST_NONE|
#=#=#=# Syncrun started 2016-02-11T13:13:33 until 2016-02-11T13:13:33 (159 msec)
#=#=#=# Syncrun started 2016-02-11T13:15:21 until 2016-02-11T13:15:22 (457 msec)
19:15:22|207|MineField.java|INST_SYNC|Up|1455218118||2435||4||204|2780|1455217607|0407abac05ced8cfd69d66d22fd9c6bf|00253216ocs3ri6ikcvn|INST_NONE|
#=#=#=# Syncrun started 2016-02-11T13:15:24 until 2016-02-11T13:15:25 (616 msec)
19:15:25|217|MineField.class|INST_SYNC|Up|1455218122||1740||4||204|1934|1455217631|7c08c8c063d6861fac6f18514af07683|00253207ocs3ri6ikcvn|INST_NONE|
19:15:25|290|ProcessingTier.class|INST_SYNC|Up|1455218122||472||4||204|472|1455217954|d1d4dee0bcb14058841aa5dda10ba056|00253210ocs3ri6ikcvn|INST_NONE|
#=#=#=# Syncrun started 2016-02-11T13:16:04 until 2016-02-11T13:16:04 (192 msec)
#=#=#=# Syncrun started 2016-02-11T13:37:02 until 2016-02-11T13:37:04 (1464 msec)
19:37:04|363|MineField.java|INST_SYNC|Up|1455219420||2660||4||204|2435|1455218118|1d3c071d3d095f26379c454b63edf740|00253216ocs3ri6ikcvn|INST_NONE|
#=#=#=# Syncrun started 2016-02-11T13:38:03 until 2016-02-11T13:38:03 (290 msec)
#=#=#=# Syncrun started 2016-02-11T19:16:18 until 2016-02-11T19:16:19 (1077 msec)
01:16:18|496|MineField.class|INST_SYNC|Up|1455232026||1930||4||204|1740|1455218122|e7fc8e9b6fca5a49b1f55f34a94ae9a4|00253207ocs3ri6ikcvn|INST_NONE|
01:16:18|499|MineField.java|INST_SYNC|Up|1455232258||2654||4||204|2660|1455219420|7df976582c93f013b4fa4f5a45f15d2b|00253216ocs3ri6ikcvn|INST_NONE|
01:16:18|482|ProcessingTier.class|INST_SYNC|Up|1455232026||1019||4||204|472|1455218122|f313a5f54a33f91f3a3eeb522711a63a|00253210ocs3ri6ikcvn|INST_NONE|
01:16:18|274|ProcessingTier.java|INST_SYNC|Up|1455232804||1253||4||204|373|1455133362|6b6e7136c5f3bff2edeabec17c4e8458|00253213ocs3ri6ikcvn|INST_NONE|
01:16:18|284|Score.java|INST_NEW|Up|1455232741||315||4||201|0|0|||INST_NONE|
#=#=#=# Syncrun started 2016-02-11T19:35:37 until 2016-02-11T19:35:38 (288 msec)
#=#=#=# Syncrun started 2016-02-11T20:41:34 until 2016-02-11T20:41:35 (760 msec)
#=#=#=# Syncrun started 2016-02-11T22:21:17 until 2016-02-11T22:21:17 (233 msec)
#=#=#=# Syncrun started 2016-02-11T23:01:16 until 2016-02-11T23:01:17 (241 msec)
#=#=#=# Syncrun started 2016-02-12T09:51:12 until 2016-02-12T09:51:12 (500 msec)
#=#=#=# Syncrun started 2016-02-12T12:59:33 until 2016-02-12T12:59:33 (308 msec)
#=#=#=# Syncrun started 2016-02-13T10:27:10 until 2016-02-13T10:27:10 (159 msec)
#=#=#=# Syncrun started 2016-02-13T11:16:12 until 2016-02-13T11:16:12 (124 msec)
#=#=#=# Syncrun started 2016-02-13T22:14:15 until 2016-02-13T22:14:15 (541 msec)
#=#=#=# Syncrun started 2016-02-13T23:10:37 until 2016-02-13T23:10:37 (252 msec)
#=#=#=# Syncrun started 2016-02-14T10:50:54 until 2016-02-14T10:51:38 (44112 msec)
#=#=#=# Syncrun started 2016-02-15T08:28:46 until 2016-02-15T08:28:47 (674 msec)
14:28:43|449|MineSweeper.java|INST_NEW|Down|1455442679|4d24a765c84444bf14b8af1d9c98d048|6120|00253270ocs3ri6ikcvn|4||0|0|0|||INST_NONE|
#=#=#=# Syncrun started 2016-02-15T13:24:07 until 2016-02-15T13:24:08 (463 msec)
#=#=#=# Syncrun started 2016-02-15T13:25:39 until 2016-02-15T13:25:39 (149 msec)
#=#=#=# Syncrun started 2016-02-16T07:28:03 until 2016-02-16T07:28:03 (578 msec)
#=#=#=# Syncrun started 2016-02-16T10:14:28 until 2016-02-16T10:14:28 (313 msec)
#=#=#=# Syncrun started 2016-02-16T13:49:52 until 2016-02-16T13:49:52 (307 msec)
#=#=#=# Syncrun started 2016-02-16T13:51:06 until 2016-02-16T13:51:08 (2167 msec)
19:50:59|1636|MineField.class|INST_SYNC|Up|1455652262||1930||4||204|1930|1455232026|027dc63616eb9a72c0448305edabad45|00253207ocs3ri6ikcvn|INST_NONE|
#=#=#=# Syncrun started 2016-02-16T13:51:41 until 2016-02-16T13:51:43 (2258 msec)
19:51:34|927|MineSweeper$1.class|INST_NEW|Up|1455652299||446||4||201|0|0|||INST_NONE|
19:51:34|933|MineSweeper$2.class|INST_NEW|Up|1455652299||446||4||201|0|0|||INST_NONE|
19:51:34|1196|MineSweeper$3.class|INST_NEW|Up|1455652299||500||4||201|0|0|||INST_NONE|
19:51:35|421|MineSweeper$4.class|INST_NEW|Up|1455652299||622||4||201|0|0|||INST_NONE|
19:51:35|266|MineSweeper$5.class|INST_NEW|Up|1455652299||624||4||201|0|0|||INST_NONE|
19:51:35|451|MineSweeper.class|INST_NEW|Up|1455652299||1739||4||201|0|0|||INST_NONE|
19:51:35|308|MineSweeperGUI.class|INST_NEW|Up|1455652299||945||4||201|0|0|||INST_NONE|
19:51:35|631|MouseHandler.class|INST_NEW|Up|1455652299||1372||4||201|0|0|||INST_NONE|
#=#=#=# Syncrun started 2016-02-16T13:52:38 until 2016-02-16T13:52:38 (318 msec)
#=#=#=# Syncrun started 2016-02-16T14:00:26 until 2016-02-16T14:00:27 (1395 msec)
20:00:19|1014|MineSweeper.java|INST_SYNC|Up|1455652823||6128||4||204|6120|1455442679|4d24a765c84444bf14b8af1d9c98d048|00253270ocs3ri6ikcvn|INST_NONE|
#=#=#=# Syncrun started 2016-02-16T14:00:31 until 2016-02-16T14:00:32 (1270 msec)
20:00:24|250|MineSweeper$1.class|INST_SYNC|Up|1455652829||446||4||204|446|1455652299|2b838846828072f895a558878d37f00e|00253278ocs3ri6ikcvn|INST_NONE|
20:00:24|325|MineSweeper$2.class|INST_SYNC|Up|1455652829||446||4||204|446|1455652299|d983747c27667b00b08008b88e7fafae|00253277ocs3ri6ikcvn|INST_NONE|
20:00:24|480|MineSweeper$3.class|INST_SYNC|Up|1455652829||500||4||204|500|1455652299|e4096a96075e5cddf7b08a7446ab66e7|00253281ocs3ri6ikcvn|INST_NONE|
20:00:24|320|MineSweeper$4.class|INST_SYNC|Up|1455652829||622||4||204|622|1455652299|a0e041781bb0bcf4bb71218193ddab7a|00253287ocs3ri6ikcvn|INST_NONE|
20:00:24|323|MineSweeper$5.class|INST_SYNC|Up|1455652829||624||4||204|624|1455652299|fd2d48e297baafcd2f113ca198ffd64b|00253284ocs3ri6ikcvn|INST_NONE|
20:00:24|271|MineSweeper.class|INST_SYNC|Up|1455652829||1739||4||204|1739|1455652299|5392d72b92250bacfbee7ffca6264b9c|00253290ocs3ri6ikcvn|INST_NONE|
20:00:24|259|MineSweeperGUI.class|INST_SYNC|Up|1455652829||945||4||204|945|1455652299|b5bea5b1a77624bfbac000fbf56c25c8|00253293ocs3ri6ikcvn|INST_NONE|
20:00:24|264|MouseHandler.class|INST_SYNC|Up|1455652829||1376||4||204|1372|1455652299|db142ffbc5dffe9597237737eeaf6f35|00253296ocs3ri6ikcvn|INST_NONE|
#=#=#=# Syncrun started 2016-02-16T14:01:06 until 2016-02-16T14:01:06 (251 msec)
#=#=#=# Syncrun started 2016-02-16T14:01:34 until 2016-02-16T14:01:36 (1946 msec)
20:01:28|1082|MineSweeper.java|INST_SYNC|Up|1455652892||6136||4||204|6128|1455652823|c10c16b7d47ff50ea599e8ba8670e66f|00253270ocs3ri6ikcvn|INST_NONE|
#=#=#=# Syncrun started 2016-02-16T14:01:40 until 2016-02-16T14:01:41 (1092 msec)
20:01:32|256|MineSweeper$1.class|INST_SYNC|Up|1455652897||446||4||204|446|1455652829|6873a0032e06144ebf83cc89e1bc8ded|00253278ocs3ri6ikcvn|INST_NONE|
20:01:32|369|MineSweeper$2.class|INST_SYNC|Up|1455652897||446||4||204|446|1455652829|df1ecac98b1f606b6c52e4bb6dab2ea0|00253277ocs3ri6ikcvn|INST_NONE|
20:01:32|457|MineSweeper$3.class|INST_SYNC|Up|1455652897||500||4||204|500|1455652829|0c6fc63a22899d6c82b180daeea4b555|00253281ocs3ri6ikcvn|INST_NONE|
20:01:33|283|MineSweeper$4.class|INST_SYNC|Up|1455652897||622||4||204|622|1455652829|3efd55a41d9e1951880ab0a2b8e705d7|00253287ocs3ri6ikcvn|INST_NONE|
20:01:33|290|MineSweeper$5.class|INST_SYNC|Up|1455652897||624||4||204|624|1455652829|9fa88d5d379a43e47dec09954adff01d|00253284ocs3ri6ikcvn|INST_NONE|
20:01:33|249|MineSweeper.class|INST_SYNC|Up|1455652897||1739||4||204|1739|1455652829|b65c7ee65cc76842422041125b2fb4a4|00253290ocs3ri6ikcvn|INST_NONE|
20:01:33|293|MineSweeperGUI.class|INST_SYNC|Up|1455652898||945||4||204|945|1455652829|e039dccdf612cf8231d7aa1e589f9b15|00253293ocs3ri6ikcvn|INST_NONE|
20:01:33|221|MouseHandler.class|INST_SYNC|Up|1455652898||1380||4||204|1376|1455652829|7e7ebd31ce39c22378f0da428f7dc139|00253296ocs3ri6ikcvn|INST_NONE|
#=#=#=# Syncrun started 2016-02-16T14:02:37 until 2016-02-16T14:02:37 (358 msec)
#=#=#=# Syncrun started 2016-02-16T17:43:56 until 2016-02-16T17:43:57 (1424 msec)
#=#=#=# Syncrun started 2016-02-16T18:37:04 until 2016-02-16T18:37:05 (302 msec)
#=#=#=# Syncrun started 2016-02-16T20:40:57 until 2016-02-16T20:40:57 (256 msec)
#=#=#=# Syncrun started 2016-02-16T21:23:47 until 2016-02-16T21:23:47 (147 msec)
#=#=#=# Syncrun started 2016-02-16T22:26:05 until 2016-02-16T22:26:05 (331 msec)
#=#=#=# Syncrun started 2016-02-17T07:30:25 until 2016-02-17T07:30:25 (554 msec)
#=#=#=# Syncrun started 2016-02-17T07:31:59 until 2016-02-17T07:32:02 (2271 msec)
13:31:59|1644|SavedData.java|INST_NEW|Up|1455715917||106||4||201|0|0|||INST_NONE|
#=#=#=# Syncrun started 2016-02-17T07:37:09 until 2016-02-17T07:37:09 (401 msec)
#=#=#=# Syncrun started 2016-02-17T07:46:51 until 2016-02-17T07:46:53 (1525 msec)
13:46:51|814|SavedData.java|INST_SYNC|Up|1455716808||817||4||204|106|1455715917|4393cc42c86304df2039f900c6357fcb|00253317ocs3ri6ikcvn|INST_NONE|
#=#=#=# Syncrun started 2016-02-17T09:49:07 until 2016-02-17T09:49:08 (841 msec)
15:49:05|476|SavedData.class|INST_NEW|Up|1455719349||2188||4||201|0|0|||INST_NONE|
15:49:05|640|SavedData.java|INST_SYNC|Up|1455719873||3332||4||204|817|1455716808|f23ef7598e287c56bb318bdbc8c38efd|00253317ocs3ri6ikcvn|INST_NONE|
15:49:05|481|Score.java|INST_SYNC|Up|1455719463||384||4||204|315|1455232741|36a392bca9491a7a1c3f9b4cfe1b622d|00253242ocs3ri6ikcvn|INST_NONE|
#=#=#=# Syncrun started 2016-02-17T10:10:28 until 2016-02-17T10:10:39 (11101 msec)
#=#=#=# Syncrun started 2016-02-17T14:00:32 until 2016-02-17T14:00:32 (349 msec)
#=#=#=# Syncrun started 2016-02-17T15:19:06 until 2016-02-17T15:19:06 (348 msec)
#=#=#=# Syncrun started 2016-02-17T15:25:15 until 2016-02-17T15:25:15 (183 msec)
#=#=#=# Syncrun started 2016-02-17T20:53:03 until 2016-02-17T20:53:05 (2311 msec)
02:53:01|798|MineField.class|INST_REMOVE|Up|1455652262|be06acd488f253ea1c01a71c0f555922|1930|00253207ocs3ri6ikcvn|4||204|0|0|||INST_NONE|
02:53:01|683|MineSweeper$1.class|INST_REMOVE|Up|1455652897|300787128d56e1b9d3e1470cbce8f561|446|00253278ocs3ri6ikcvn|4||204|0|0|||INST_NONE|
02:53:01|598|MineSweeper$2.class|INST_REMOVE|Up|1455652897|f28b9626442f7257770a26a58d1c25b0|446|00253277ocs3ri6ikcvn|4||204|0|0|||INST_NONE|
02:53:02|324|MineSweeper$3.class|INST_REMOVE|Up|1455652897|2b120cb74654961890ec49b7018120d8|500|00253281ocs3ri6ikcvn|4||204|0|0|||INST_NONE|
02:53:02|261|MineSweeper$4.class|INST_REMOVE|Up|1455652897|291e20ee122e71d011daf3db30f5f5a7|622|00253287ocs3ri6ikcvn|4||204|0|0|||INST_NONE|
02:53:02|415|MineSweeper$5.class|INST_REMOVE|Up|1455652897|560a82605402bc04f53bb9b49c419e83|624|00253284ocs3ri6ikcvn|4||204|0|0|||INST_NONE|
02:53:02|287|MineSweeper.class|INST_REMOVE|Up|1455652897|260f13db150445080a2b494863aff1ae|1739|00253290ocs3ri6ikcvn|4||204|0|0|||INST_NONE|
02:53:02|313|MineSweeperGUI.class|INST_REMOVE|Up|1455652898|19808fa0dbdc5068ed3f8c9c18c677d6|945|00253293ocs3ri6ikcvn|4||204|0|0|||INST_NONE|
02:53:02|304|MouseHandler.class|INST_REMOVE|Up|1455652898|4ab8c7613761d880d4b540e4ddef9320|1380|00253296ocs3ri6ikcvn|4||204|0|0|||INST_NONE|
02:53:02|356|ProcessingTier.class|INST_REMOVE|Up|1455232026|91ca76f7444a962339d93e47edc50f19|1019|00253210ocs3ri6ikcvn|4||204|0|0|||INST_NONE|
02:53:02|435|SavedData.class|INST_SYNC|Up|1455748174||2398||4||204|2188|1455719349|44a478a17a3c2eff08b8ef3e564380be|00253321ocs3ri6ikcvn|INST_NONE|
02:53:02|345|SavedData.java|INST_SYNC|Up|1455748273||3601||4||204|3332|1455719873|bead3ec9c9de77da1a0abeaba668404f|00253317ocs3ri6ikcvn|INST_NONE|
02:53:03|252|Score.java|INST_SYNC|Up|1455750708||1060||4||204|384|1455719463|d392f051cc1881d3c527f6123d8ebd0b|00253242ocs3ri6ikcvn|INST_NONE|
#=#=#=# Syncrun started 2016-02-17T20:53:53 until 2016-02-17T20:53:53 (133 msec)
#=#=#=# Syncrun started 2016-02-18T07:34:21 until 2016-02-18T07:34:21 (354 msec)
#=#=#=# Syncrun started 2016-02-18T07:35:23 until 2016-02-18T07:35:26 (3403 msec)
13:35:20|1330|Score.java|INST_SYNC|Up|1455802519||1059||4||204|1060|1455750708|c777916f591bc33f86a1953c84dfa212|00253242ocs3ri6ikcvn|INST_NONE|
#=#=#=# Syncrun started 2016-02-18T07:36:20 until 2016-02-18T07:36:21 (622 msec)
#=#=#=# Syncrun started 2016-02-18T08:55:03 until 2016-02-18T08:55:06 (2319 msec)
14:55:04|458|MineField.class|INST_NEW|Up|1455805364||1930||4||201|0|0|||INST_NONE|
14:55:04|467|MineSweeper$1.class|INST_NEW|Up|1455805364||446||4||201|0|0|||INST_NONE|
14:55:05|1433|MineSweeper$2.class|INST_NEW|Up|1455805364||446||4||201|0|0|||INST_NONE|
14:55:05|187|MineSweeper$3.class|INST_NEW|Up|1455805364||500||4||201|0|0|||INST_NONE|
14:55:05|321|MineSweeper$4.class|INST_NEW|Up|1455805364||622||4||201|0|0|||INST_NONE|
14:55:05|215|MineSweeper$5.class|INST_NEW|Up|1455805364||624||4||201|0|0|||INST_NONE|
14:55:05|181|MineSweeper.class|INST_NEW|Up|1455805364||1739||4||201|0|0|||INST_NONE|
14:55:05|208|MineSweeperGUI.class|INST_NEW|Up|1455805364||945||4||201|0|0|||INST_NONE|
14:55:05|225|MouseHandler.class|INST_NEW|Up|1455805365||1380||4||201|0|0|||INST_NONE|
14:55:05|431|ProcessingTier.java|INST_SYNC|Up|1455804992||1311||4||204|1253|1455232804|89960956d8fbbc966919fcbb6309282b|00253213ocs3ri6ikcvn|INST_NONE|
14:55:06|601|SavedData.class|INST_REMOVE|Up|1455748174|78551a4a16b798196e44fd163423d8d1|2398|00253321ocs3ri6ikcvn|4||204|0|0|||INST_NONE|
14:55:06|411|SavedData.java|INST_SYNC|Up|1455806022||5474||4||204|3601|1455748273|b4007ffbbe656de3af4f8dd19612ee5c|00253317ocs3ri6ikcvn|INST_NONE|
14:55:06|328|Score.java|INST_SYNC|Up|1455805033||1300||4||204|1059|1455802519|bdd5513d57e859de9924bac31bb411e4|00253242ocs3ri6ikcvn|INST_NONE|
14:55:06|224|Timer.java|INST_NEW|Up|1455803927||511||4||201|0|0|||INST_NONE|
#=#=#=# Syncrun started 2016-02-18T08:56:08 until 2016-02-18T08:56:08 (243 msec)
#=#=#=# Syncrun started 2016-02-18T09:03:01 until 2016-02-18T09:03:01 (492 msec)
15:03:02|207|Score.java|INST_SYNC|Up|1455807778||2057||4||204|1300|1455805033|597ed844685f9e1d8d642ed806091091|00253242ocs3ri6ikcvn|INST_NONE|
#=#=#=# Syncrun started 2016-02-18T09:03:39 until 2016-02-18T09:03:39 (363 msec)
#=#=#=# Syncrun started 2016-02-18T09:10:00 until 2016-02-18T09:10:03 (2903 msec)
15:10:03|945|ProcessingTier.java|INST_SYNC|Up|1455808197||2118||4||204|1311|1455804992|6e0129b7dd78bc6fe1c7b6d74716bc21|00253213ocs3ri6ikcvn|INST_NONE|
#=#=#=# Syncrun started 2016-02-18T09:10:06 until 2016-02-18T09:10:06 (406 msec)
|0|SavedData.java|INST_SYNC|Up|1455808205||5474||3|Local file changed during sync.|0|5474|1455806022|23e4067ac27a891e3098266830279d86|00253317ocs3ri6ikcvn|INST_NONE|
15:10:07|225|Score.java|INST_SYNC|Up|1455808202||2057||4||204|2057|1455807778|b6948c84a3dbcb6799e6a3c4d86750fc|00253242ocs3ri6ikcvn|INST_NONE|
#=#=#=# Syncrun started 2016-02-18T09:10:09 until 2016-02-18T09:10:10 (506 msec)
15:10:10|215|SavedData.java|INST_SYNC|Up|1455808205||5474||4||204|5474|1455806022|23e4067ac27a891e3098266830279d86|00253317ocs3ri6ikcvn|INST_NONE|
#=#=#=# Syncrun started 2016-02-18T09:29:57 until 2016-02-18T09:29:58 (223 msec)
#=#=#=# Syncrun started 2016-02-18T11:30:27 until 2016-02-18T11:30:38 (11048 msec)
#=#=#=# Syncrun started 2016-02-18T12:20:39 until 2016-02-18T12:20:39 (291 msec)
#=#=#=# Syncrun started 2016-02-18T14:00:51 until 2016-02-18T14:00:51 (306 msec)
#=#=#=# Syncrun started 2016-02-18T20:30:10 until 2016-02-18T20:30:11 (297 msec)
#=#=#=# Syncrun started 2016-02-18T20:52:09 until 2016-02-18T20:52:13 (4052 msec)
#=#=#=# Syncrun started 2016-02-18T22:36:12 until 2016-02-18T22:36:13 (1058 msec)
#=#=#=# Syncrun started 2016-02-19T00:36:45 until 2016-02-19T00:36:46 (897 msec)
#=#=#=# Syncrun started 2016-02-19T02:37:14 until 2016-02-19T02:37:15 (985 msec)
#=#=#=# Syncrun started 2016-02-19T08:03:17 until 2016-02-19T08:03:17 (525 msec)
#=#=#=# Syncrun started 2016-02-19T09:19:36 until 2016-02-19T09:19:36 (345 msec)
#=#=#=# Syncrun started 2016-02-19T13:30:52 until 2016-02-19T13:31:00 (8803 msec)
#=#=#=# Syncrun started 2016-02-19T13:31:53 until 2016-02-19T13:31:54 (250 msec)
#=#=#=# Syncrun started 2016-02-19T19:50:05 until 2016-02-19T19:50:06 (300 msec)
#=#=#=# Syncrun started 2016-02-19T21:40:54 until 2016-02-19T21:40:56 (2043 msec)
03:40:53|1003|ProcessingTier.java|INST_SYNC|Up|1455939650||2118||4||204|2118|1455808197|1f73036ae2be8babb3f5be79fca41822|00253213ocs3ri6ikcvn|INST_NONE|
#=#=#=# Syncrun started 2016-02-19T21:41:05 until 2016-02-19T21:41:05 (408 msec)
03:41:03|196|Score.java|INST_SYNC|Up|1455939663||2057||4||204|2057|1455808202|b9c6dff588ddb7a177fdc31e27af00e8|00253242ocs3ri6ikcvn|INST_NONE|
#=#=#=# Syncrun started 2016-02-19T21:41:56 until 2016-02-19T21:41:56 (228 msec)
#=#=#=# Syncrun started 2016-02-20T10:54:54 until 2016-02-20T10:54:55 (884 msec)
#=#=#=# Syncrun started 2016-02-20T11:05:01 until 2016-02-20T11:05:01 (303 msec)
#=#=#=# Syncrun started 2016-02-20T11:09:51 until 2016-02-20T11:09:52 (1058 msec)
#=#=#=# Syncrun started 2016-02-20T11:54:55 until 2016-02-20T11:54:55 (447 msec)
#=#=#=# Syncrun started 2016-02-20T15:53:32 until 2016-02-20T15:53:33 (177 msec)
#=#=#=# Syncrun started 2016-02-20T17:29:44 until 2016-02-20T17:29:46 (2057 msec)
23:29:45|1010|ProcessingTier.java|INST_SYNC|Up|1456010981||2208||4||204|2118|1455939650|b0d62cc3c2fc0f87b8127bcf9d6808ba|00253213ocs3ri6ikcvn|INST_NONE|
#=#=#=# Syncrun started 2016-02-20T17:30:22 until 2016-02-20T17:30:24 (2015 msec)
23:30:23|1041|MineSweeper$1.class|INST_SYNC|Up|1456011020||446||4||204|446|1455805364|af27d618772b3ef68f988b69fcf677ca|00253333ocs3ri6ikcvn|INST_NONE|
23:30:23|1045|MineSweeper$2.class|INST_SYNC|Up|1456011020||446||4||204|446|1455805364|1978a4611b2c5e9a9a20c375a14b9652|00253354ocs3ri6ikcvn|INST_NONE|
23:30:24|1789|MineSweeper$3.class|INST_SYNC|Up|1456011020||500||4||204|500|1455805364|ca9b8a330e900ea1d5df22868a243225|00253336ocs3ri6ikcvn|INST_NONE|
23:30:24|200|MineSweeper$4.class|INST_SYNC|Up|1456011020||622||4||204|622|1455805364|45e50ed633a8ab59c3c652881337b684|00253339ocs3ri6ikcvn|INST_NONE|
23:30:24|287|MineSweeper$5.class|INST_SYNC|Up|1456011020||624||4||204|624|1455805364|bf21e8e23c40d7d129d2e7c14bace103|00253342ocs3ri6ikcvn|INST_NONE|
23:30:24|217|MineSweeper.class|INST_SYNC|Up|1456011020||1739||4||204|1739|1455805364|5fbfb20993ff16d354da06b173fdd576|00253345ocs3ri6ikcvn|INST_NONE|
23:30:24|242|MineSweeperGUI.class|INST_SYNC|Up|1456011021||945||4||204|945|1455805364|01ccca19e738ab64637bfc37b2c7e292|00253348ocs3ri6ikcvn|INST_NONE|
23:30:24|247|MouseHandler.class|INST_SYNC|Up|1456011021||1380||4||204|1380|1455805365|c3ca4fd0e11c10c6d4aea18c64cd5790|00253351ocs3ri6ikcvn|INST_NONE|
#=#=#=# Syncrun started 2016-02-20T17:31:16 until 2016-02-20T17:31:16 (180 msec)
#=#=#=# Syncrun started 2016-02-20T17:34:22 until 2016-02-20T17:34:23 (1335 msec)
23:34:22|1080|SavedData.java|INST_SYNC|Up|1456011260||5817||4||204|5474|1455808205|932488e0f90d454e53bf6f8a20bf8ab5|00253317ocs3ri6ikcvn|INST_NONE|
#=#=#=# Syncrun started 2016-02-20T17:35:16 until 2016-02-20T17:35:16 (129 msec)
#=#=#=# Syncrun started 2016-02-20T17:35:33 until 2016-02-20T17:35:33 (562 msec)
23:35:33|290|ProcessingTier.java|INST_SYNC|Up|1456011330||2225||4||204|2208|1456010981|386691dd6f571d671fbf734cdd018375|00253213ocs3ri6ikcvn|INST_NONE|
#=#=#=# Syncrun started 2016-02-20T17:36:16 until 2016-02-20T17:36:16 (219 msec)
#=#=#=# Syncrun started 2016-02-20T17:39:30 until 2016-02-20T17:39:32 (1251 msec)
23:39:31|1080|Score.java|INST_SYNC|Up|1456011568||2074||4||204|2057|1455939663|da8a1a1522910983efec6b39c95592a6|00253242ocs3ri6ikcvn|INST_NONE|
#=#=#=# Syncrun started 2016-02-20T17:39:41 until 2016-02-20T17:39:41 (523 msec)
23:39:41|265|ProcessingTier.java|INST_SYNC|Up|1456011579||2225||4||204|2225|1456011330|fcd7232485df0c7f9f4109425f2a917f|00253213ocs3ri6ikcvn|INST_NONE|
#=#=#=# Syncrun started 2016-02-20T17:40:17 until 2016-02-20T17:40:17 (134 msec)
#=#=#=# Syncrun started 2016-02-20T19:40:45 until 2016-02-20T19:40:46 (1048 msec)
#=#=#=# Syncrun started 2016-02-20T21:41:15 until 2016-02-20T21:41:16 (1381 msec)
#=#=#=# Syncrun started 2016-02-20T23:41:45 until 2016-02-20T23:41:46 (1164 msec)
#=#=#=# Syncrun started 2016-02-21T07:59:06 until 2016-02-21T07:59:07 (161 msec)
#=#=#=# Syncrun started 2016-02-21T09:18:28 until 2016-02-21T09:18:30 (1992 msec)
#=#=#=# Syncrun started 2016-02-21T10:06:55 until 2016-02-21T10:06:55 (216 msec)
#=#=#=# Syncrun started 2016-02-21T12:33:13 until 2016-02-21T12:33:14 (606 msec)
#=#=#=# Syncrun started 2016-02-21T13:14:09 until 2016-02-21T13:14:09 (436 msec)
#=#=#=# Syncrun started 2016-02-21T18:21:59 until 2016-02-21T18:22:01 (1584 msec)
#=#=#=# Syncrun started 2016-02-21T20:22:28 until 2016-02-21T20:22:28 (184 msec)
#=#=#=# Syncrun started 2016-02-21T22:22:58 until 2016-02-21T22:22:59 (1160 msec)
#=#=#=# Syncrun started 2016-02-22T00:23:28 until 2016-02-22T00:23:29 (1069 msec)
#=#=#=# Syncrun started 2016-02-22T07:32:44 until 2016-02-22T07:32:45 (1144 msec)
#=#=#=# Syncrun started 2016-02-22T08:43:37 until 2016-02-22T08:43:38 (180 msec)
#=#=#=# Syncrun started 2016-02-22T09:03:44 until 2016-02-22T09:03:44 (360 msec)
#=#=#=# Syncrun started 2016-02-22T10:16:49 until 2016-02-22T10:17:02 (12706 msec)
16:16:49|11640|MineSweeper$1.class|INST_SYNC|Up|1456157807||446||4||204|446|1456011020|5058d959b319a367c75129cd4607d76b|00253333ocs3ri6ikcvn|INST_NONE|
16:16:49|11622|MineSweeper$2.class|INST_SYNC|Up|1456157807||446||4||204|446|1456011020|2beae087cc3d93c9a6e5e62cbe922b1b|00253354ocs3ri6ikcvn|INST_NONE|
16:16:49|11642|MineSweeper$3.class|INST_SYNC|Up|1456157807||500||4||204|500|1456011020|067d894aada612b0ec56733599d77cfc|00253336ocs3ri6ikcvn|INST_NONE|
16:17:00|330|MineSweeper$4.class|INST_SYNC|Up|1456157807||622||4||204|622|1456011020|9af8e1341b1c162aa0959163aaf10368|00253339ocs3ri6ikcvn|INST_NONE|
16:17:00|433|MineSweeper$5.class|INST_SYNC|Up|1456157807||624||4||204|624|1456011020|7c153c6469bc458945a369306da99c1f|00253342ocs3ri6ikcvn|INST_NONE|
16:17:00|320|MineSweeper.class|INST_SYNC|Up|1456157807||1739||4||204|1739|1456011020|993bd7834c5bc7ebd4f6b4f788a7aeba|00253345ocs3ri6ikcvn|INST_NONE|
16:17:01|231|MineSweeperGUI.class|INST_SYNC|Up|1456157807||945||4||204|945|1456011021|5004eb7d29bc96d1d733d01986654b48|00253348ocs3ri6ikcvn|INST_NONE|
16:17:01|367|MouseHandler.class|INST_SYNC|Up|1456157807||1380||4||204|1380|1456011021|bdbb2ef721d30513903886ba7e3f21c3|00253351ocs3ri6ikcvn|INST_NONE|
#=#=#=# Syncrun started 2016-02-22T10:17:38 until 2016-02-22T10:17:38 (290 msec)
#=#=#=# Syncrun started 2016-02-22T10:18:26 until 2016-02-22T10:18:28 (2119 msec)
16:18:25|997|MineField.class|INST_REMOVE|Up|1455805364|403f1111058a4a5abeeb60a846401b58|1930|00253332ocs3ri6ikcvn|4||204|0|0|||INST_NONE|
16:18:26|902|MineSweeper$1.class|INST_REMOVE|Up|1456157807|a5bded46cfda1ab3a875c1ecdfbd3f76|446|00253333ocs3ri6ikcvn|4||204|0|0|||INST_NONE|
16:18:27|1569|MineSweeper$2.class|INST_REMOVE|Up|1456157807|84d4dd31d31f83bd08639920971bed40|446|00253354ocs3ri6ikcvn|4||204|0|0|||INST_NONE|
16:18:26|288|MineSweeper$3.class|INST_REMOVE|Up|1456157807|4b1480ad1388f4f49b937928042b295b|500|00253336ocs3ri6ikcvn|4||204|0|0|||INST_NONE|
16:18:26|240|MineSweeper$4.class|INST_REMOVE|Up|1456157807|f4b19031da183c55519b3f104a177f0b|622|00253339ocs3ri6ikcvn|4||204|0|0|||INST_NONE|
16:18:26|211|MineSweeper$5.class|INST_REMOVE|Up|1456157807|ca68f57446b26a50f0692dc9e7fc695f|624|00253342ocs3ri6ikcvn|4||204|0|0|||INST_NONE|
16:18:26|256|MineSweeper.class|INST_REMOVE|Up|1456157807|bf2b281038ffac1b6122c64975e0d290|1739|00253345ocs3ri6ikcvn|4||204|0|0|||INST_NONE|
16:18:27|237|MineSweeperGUI.class|INST_REMOVE|Up|1456157807|9a0032f9850974454d3c96f988d120af|945|00253348ocs3ri6ikcvn|4||204|0|0|||INST_NONE|
16:18:27|278|MouseHandler.class|INST_REMOVE|Up|1456157807|1723a2378adebe4b3477f9885672e6bd|1380|00253351ocs3ri6ikcvn|4||204|0|0|||INST_NONE|
#=#=#=# Syncrun started 2016-02-22T10:19:08 until 2016-02-22T10:19:08 (215 msec)
#=#=#=# Syncrun started 2016-02-22T12:01:13 until 2016-02-22T12:01:13 (261 msec)
#=#=#=# Syncrun started 2016-02-22T14:41:48 until 2016-02-22T14:41:49 (266 msec)
#=#=#=# Syncrun started 2016-02-22T16:05:52 until 2016-02-22T16:05:52 (278 msec)
#=#=#=# Syncrun started 2016-02-22T19:05:51 until 2016-02-22T19:05:51 (295 msec)
#=#=#=# Syncrun started 2016-02-22T21:06:02 until 2016-02-22T21:06:02 (312 msec)
#=#=#=# Syncrun started 2016-02-23T07:29:32 until 2016-02-23T07:29:32 (140 msec)
#=#=#=# Syncrun started 2016-02-23T08:00:23 until 2016-02-23T08:00:24 (1284 msec)
#=#=#=# Syncrun started 2016-02-23T08:06:40 until 2016-02-23T08:06:42 (1692 msec)
#=#=#=# Syncrun started 2016-02-23T09:18:35 until 2016-02-23T09:18:37 (2284 msec)
15:18:34|600|MineField.class|INST_NEW|Up|1456239785||1930||4||201|0|0|||INST_NONE|
15:18:35|583|MineSweeper$1.class|INST_NEW|Up|1456239829||446||4||201|0|0|||INST_NONE|
15:18:35|1039|MineSweeper$2.class|INST_NEW|Up|1456239829||446||4||201|0|0|||INST_NONE|
15:18:35|323|MineSweeper$3.class|INST_NEW|Up|1456239829||500||4||201|0|0|||INST_NONE|
15:18:35|193|MineSweeper$4.class|INST_NEW|Up|1456239829||861||4||201|0|0|||INST_NONE|
15:18:35|320|MineSweeper$5.class|INST_NEW|Up|1456239829||685||4||201|0|0|||INST_NONE|
15:18:35|271|MineSweeper.class|INST_NEW|Up|1456239829||1739||4||201|0|0|||INST_NONE|
15:18:35|507|MineSweeper.java|INST_SYNC|Up|1456239935||6711||4||204|6136|1455652892|f3889a5b7a2365ad96aae191aeb83ce2|00253270ocs3ri6ikcvn|INST_NONE|
15:18:36|306|MineSweeperGUI.class|INST_NEW|Up|1456239829||1056||4||201|0|0|||INST_NONE|
15:18:36|288|ProcessingTier.class|INST_NEW|Up|1456239785||1575||4||201|0|0|||INST_NONE|
15:18:36|344|ProcessingTier.java|INST_SYNC|Up|1456239781||2144||4||204|2225|1456011579|7dfc1e3025c6c2b30fcb5a1b6d77798b|00253213ocs3ri6ikcvn|INST_NONE|
15:18:36|367|SavedData.java|INST_SYNC|Up|1456239826||5914||4||204|5817|1456011260|53e073d3145df587845bb7d66bb91b3d|00253317ocs3ri6ikcvn|INST_NONE|
15:18:36|321|Score.java|INST_SYNC|Up|1456239742||2219||4||204|2074|1456011568|ed2fb174377b0ef093ccbd2c266b05fa|00253242ocs3ri6ikcvn|INST_NONE|
#=#=#=# Syncrun started 2016-02-23T09:20:26 until 2016-02-23T09:20:26 (172 msec)
#=#=#=# Syncrun started 2016-02-23T09:22:59 until 2016-02-23T09:23:01 (1922 msec)
15:22:59|397|MineSweeper$1.class|INST_SYNC|Up|1456240977||446||4||204|446|1456239829|f28c18824fe349b7d633be34979c5a02|00253393ocs3ri6ikcvn|INST_NONE|
15:22:59|424|MineSweeper$2.class|INST_SYNC|Up|1456240977||446||4||204|446|1456239829|0cd68de9f3afd9c3d21c59301aabc82e|00253402ocs3ri6ikcvn|INST_NONE|
15:23:00|1159|MineSweeper$3.class|INST_SYNC|Up|1456240977||500||4||204|500|1456239829|738b5631650bc151b849e776c1e181ac|00253399ocs3ri6ikcvn|INST_NONE|
15:22:59|309|MineSweeper$4.class|INST_SYNC|Up|1456240977||861||4||204|861|1456239829|b188aba72c70a4dcb7e318ab4b4aed46|00253396ocs3ri6ikcvn|INST_NONE|
15:22:59|448|MineSweeper$5.class|INST_SYNC|Up|1456240977||685||4||204|685|1456239829|a76dc9f3bd97e442237e7ab217a6d740|00253405ocs3ri6ikcvn|INST_NONE|
15:23:00|315|MineSweeper.class|INST_SYNC|Up|1456240977||1739||4||204|1739|1456239829|bbbbd9ca84ca0d10712ba8624ea1d8fc|00253408ocs3ri6ikcvn|INST_NONE|
15:23:00|435|MineSweeperGUI.class|INST_SYNC|Up|1456240977||1056||4||204|1056|1456239829|6723beaafab954dce1b25992ec0650d2|00253411ocs3ri6ikcvn|INST_NONE|
15:23:00|435|MouseHandler.class|INST_NEW|Up|1456240977||1780||4||201|0|0|||INST_NONE|
#=#=#=# Syncrun started 2016-02-23T09:23:56 until 2016-02-23T09:23:56 (374 msec)
#=#=#=# Syncrun started 2016-02-23T09:36:20 until 2016-02-23T09:36:21 (1109 msec)
#=#=#=# Syncrun started 2016-02-23T09:42:31 until 2016-02-23T09:42:35 (4070 msec)
15:42:32|2924|MineSweeper$1.class|INST_SYNC|Up|1456242148||446||4||204|446|1456240977|f9a2d82f79c3e52e1786cc5f4458e388|00253393ocs3ri6ikcvn|INST_NONE|
15:42:33|2930|MineSweeper$2.class|INST_SYNC|Up|1456242148||446||4||204|446|1456240977|835550e0016cf5f3c96f376173b7c53a|00253402ocs3ri6ikcvn|INST_NONE|
15:42:32|2934|MineSweeper$3.class|INST_SYNC|Up|1456242148||500||4||204|500|1456240977|e539eaf7c6abbfbbbc87fbd025a48b06|00253399ocs3ri6ikcvn|INST_NONE|
15:42:33|416|MineSweeper$4.class|INST_SYNC|Up|1456242148||861||4||204|861|1456240977|e2b7281ae32221ec1cba366553f69cbc|00253396ocs3ri6ikcvn|INST_NONE|
15:42:33|428|MineSweeper$5.class|INST_SYNC|Up|1456242148||685||4||204|685|1456240977|c15308930963dd91fdcf34930d596bb7|00253405ocs3ri6ikcvn|INST_NONE|
15:42:33|315|MineSweeper.class|INST_SYNC|Up|1456242148||1739||4||204|1739|1456240977|2bea1c2a9e0ef5f1eb9ec3c3efcb7b71|00253408ocs3ri6ikcvn|INST_NONE|
15:42:34|234|MineSweeperGUI.class|INST_SYNC|Up|1456242148||1056||4||204|1056|1456240977|b0704c24b9ed76bd1b087ac5539f6a23|00253411ocs3ri6ikcvn|INST_NONE|
15:42:34|233|MouseHandler.class|INST_SYNC|Up|1456242149||1780||4||204|1780|1456240977|ed3349bd574c14897a8277a36ae938cb|00253428ocs3ri6ikcvn|INST_NONE|
#=#=#=# Syncrun started 2016-02-23T09:42:39 until 2016-02-23T09:42:41 (1580 msec)
15:42:39|324|MineField.class|INST_REMOVE|Up|1456239785|43fcb57a7d824a3c3e2a6f02f0080760|1930|00253392ocs3ri6ikcvn|4||204|0|0|||INST_NONE|
15:42:39|368|MineSweeper$1.class|INST_REMOVE|Up|1456242148|d92f0a35339feb04340c84516e4d77e2|446|00253393ocs3ri6ikcvn|4||204|0|0|||INST_NONE|
15:42:39|271|MineSweeper$2.class|INST_REMOVE|Up|1456242148|e8f434d5311a361c71aaa5066da0c594|446|00253402ocs3ri6ikcvn|4||204|0|0|||INST_NONE|
15:42:39|249|MineSweeper$3.class|INST_REMOVE|Up|1456242148|bb64ed7ad4b3a385f78265365bffa929|500|00253399ocs3ri6ikcvn|4||204|0|0|||INST_NONE|
15:42:39|537|MineSweeper$4.class|INST_REMOVE|Up|1456242148|c204afea85fadd8c1c2b097e8eba205b|861|00253396ocs3ri6ikcvn|4||204|0|0|||INST_NONE|
15:42:39|532|MineSweeper$5.class|INST_REMOVE|Up|1456242148|cfb425d7720548775b16d20d8e6038eb|685|00253405ocs3ri6ikcvn|4||204|0|0|||INST_NONE|
15:42:39|438|MineSweeper.class|INST_REMOVE|Up|1456242148|495967d81635b887dc4a6f77428e37f2|1739|00253408ocs3ri6ikcvn|4||204|0|0|||INST_NONE|
15:42:40|292|MineSweeperGUI.class|INST_REMOVE|Up|1456242148|ad901dc06944e1bd47a001089fe28589|1056|00253411ocs3ri6ikcvn|4||204|0|0|||INST_NONE|
15:42:40|358|MouseHandler.class|INST_REMOVE|Up|1456242149|cbf58b75747cc9c95f18f3dd36ef8d29|1780|00253428ocs3ri6ikcvn|4||204|0|0|||INST_NONE|
15:42:40|184|ProcessingTier.class|INST_REMOVE|Up|1456239785|0959ceccb124f5fa643ae094f5cd0add|1575|00253414ocs3ri6ikcvn|4||204|0|0|||INST_NONE|
#=#=#=# Syncrun started 2016-02-23T09:42:43 until 2016-02-23T09:42:44 (1113 msec)
15:42:42|235|MineField.class|INST_NEW|Up|1456242160||1930||4||201|0|0|||INST_NONE|
15:42:43|252|MineSweeper$1.class|INST_NEW|Up|1456242160||446||4||201|0|0|||INST_NONE|
15:42:43|347|MineSweeper$2.class|INST_NEW|Up|1456242160||446||4||201|0|0|||INST_NONE|
15:42:43|223|MineSweeper$3.class|INST_NEW|Up|1456242160||500||4||201|0|0|||INST_NONE|
15:42:43|283|MineSweeper$4.class|INST_NEW|Up|1456242160||861||4||201|0|0|||INST_NONE|
15:42:43|260|MineSweeper$5.class|INST_NEW|Up|1456242160||685||4||201|0|0|||INST_NONE|
15:42:43|259|MineSweeper.class|INST_NEW|Up|1456242160||1739||4||201|0|0|||INST_NONE|
15:42:43|258|MineSweeperGUI.class|INST_NEW|Up|1456242160||1056||4||201|0|0|||INST_NONE|
15:42:43|266|ProcessingTier.class|INST_NEW|Up|1456242160||1575||4||201|0|0|||INST_NONE|
#=#=#=# Syncrun started 2016-02-23T09:43:26 until 2016-02-23T09:43:26 (342 msec)
#=#=#=# Syncrun started 2016-02-23T09:43:35 until 2016-02-23T09:43:36 (1370 msec)
15:43:34|989|Score.java|INST_SYNC|Up|1456242212||2222||4||204|2219|1456239742|8462172680b26c8282b98fb4e113a56d|00253242ocs3ri6ikcvn|INST_NONE|
#=#=#=# Syncrun started 2016-02-23T09:44:26 until 2016-02-23T09:44:26 (182 msec)
#=#=#=# Syncrun started 2016-02-23T09:46:07 until 2016-02-23T09:46:09 (1942 msec)
15:46:07|1068|Timer.java|INST_SYNC|Up|1456242364||511||4||204|511|1455803927|8f3efb2f351d74f2f10e001e9c13ec2a|00253360ocs3ri6ikcvn|INST_NONE|
#=#=#=# Syncrun started 2016-02-23T09:46:11 until 2016-02-23T09:46:12 (1025 msec)
15:46:11|245|MineSweeper$1.class|INST_SYNC|Up|1456242367||446||4||204|446|1456242160|8a1447d98caab93d7d3c28d30d2b9ec8|00253442ocs3ri6ikcvn|INST_NONE|
15:46:11|313|MineSweeper$2.class|INST_SYNC|Up|1456242367||446||4||204|446|1456242160|34eea19f4c6849b52a5f90650c920d12|00253445ocs3ri6ikcvn|INST_NONE|
15:46:11|436|MineSweeper$3.class|INST_SYNC|Up|1456242367||500||4||204|500|1456242160|21d25c12901269a10644a73d8e3ae9d7|00253448ocs3ri6ikcvn|INST_NONE|
15:46:11|269|MineSweeper$4.class|INST_SYNC|Up|1456242367||861||4||204|861|1456242160|33bea8fba5bb86dc27250fca78b2dbf5|00253451ocs3ri6ikcvn|INST_NONE|
15:46:11|282|MineSweeper$5.class|INST_SYNC|Up|1456242367||685||4||204|685|1456242160|9762f41f56bd5e167b913aaefe57dad7|00253454ocs3ri6ikcvn|INST_NONE|
15:46:11|264|MineSweeper.class|INST_SYNC|Up|1456242367||1739||4||204|1739|1456242160|560aa5da34122a22bdff6061f2d24fce|00253457ocs3ri6ikcvn|INST_NONE|
15:46:11|262|MineSweeperGUI.class|INST_SYNC|Up|1456242367||1056||4||204|1056|1456242160|3b9566ded2a0dbc78e334ee693143273|00253460ocs3ri6ikcvn|INST_NONE|
15:46:11|216|MouseHandler.class|INST_NEW|Up|1456242367||1780||4||201|0|0|||INST_NONE|
#=#=#=# Syncrun started 2016-02-23T09:46:22 until 2016-02-23T09:46:24 (2191 msec)
15:46:22|394|MineField.class|INST_REMOVE|Up|1456242160|b662c229f92b43841426ffe1b9dc81b6|1930|00253439ocs3ri6ikcvn|4||204|0|0|||INST_NONE|
15:46:22|456|MineSweeper$1.class|INST_REMOVE|Up|1456242367|4aade0668c7dfd5767d1a599fc02b10d|446|00253442ocs3ri6ikcvn|4||204|0|0|||INST_NONE|
15:46:23|1596|MineSweeper$2.class|INST_REMOVE|Up|1456242367|73b9447a913749220636579972e092c8|446|00253445ocs3ri6ikcvn|4||204|0|0|||INST_NONE|
15:46:22|317|MineSweeper$3.class|INST_REMOVE|Up|1456242367|d7aa08e1935a274c72790655915687bb|500|00253448ocs3ri6ikcvn|4||204|0|0|||INST_NONE|
15:46:22|191|MineSweeper$4.class|INST_REMOVE|Up|1456242367|84d116cb495be653d1fc2ae5eeb636a6|861|00253451ocs3ri6ikcvn|4||204|0|0|||INST_NONE|
15:46:22|219|MineSweeper$5.class|INST_REMOVE|Up|1456242367|84cb08b4f0947bb16af57d5af7b43990|685|00253454ocs3ri6ikcvn|4||204|0|0|||INST_NONE|
15:46:22|236|MineSweeper.class|INST_REMOVE|Up|1456242367|61c600b0fa21a49a229d91bc228c94ee|1739|00253457ocs3ri6ikcvn|4||204|0|0|||INST_NONE|
15:46:23|192|MineSweeperGUI.class|INST_REMOVE|Up|1456242367|1b9bbdbb07352e9d240655ef64402183|1056|00253460ocs3ri6ikcvn|4||204|0|0|||INST_NONE|
15:46:23|214|MouseHandler.class|INST_REMOVE|Up|1456242367|64af4497dbaf027e6b6dcc6cd88972ed|1780|00253475ocs3ri6ikcvn|4||204|0|0|||INST_NONE|
15:46:23|182|ProcessingTier.class|INST_REMOVE|Up|1456242160|2a3b0decd06e9e9655109eacbf567b80|1575|00253463ocs3ri6ikcvn|4||204|0|0|||INST_NONE|
#=#=#=# Syncrun started 2016-02-23T09:46:27 until 2016-02-23T09:46:28 (1109 msec)
15:46:26|218|MineField.class|INST_NEW|Up|1456242384||1930||4||201|0|0|||INST_NONE|
15:46:26|252|MineSweeper$1.class|INST_NEW|Up|1456242383||446||4||201|0|0|||INST_NONE|
15:46:26|344|MineSweeper$2.class|INST_NEW|Up|1456242383||446||4||201|0|0|||INST_NONE|
15:46:26|209|MineSweeper$3.class|INST_NEW|Up|1456242383||500||4||201|0|0|||INST_NONE|
15:46:26|245|MineSweeper$4.class|INST_NEW|Up|1456242383||861||4||201|0|0|||INST_NONE|
15:46:27|224|MineSweeper$5.class|INST_NEW|Up|1456242383||685||4||201|0|0|||INST_NONE|
15:46:27|216|MineSweeper.class|INST_NEW|Up|1456242383||1739||4||201|0|0|||INST_NONE|
15:46:27|208|MineSweeperGUI.class|INST_NEW|Up|1456242383||1056||4||201|0|0|||INST_NONE|
15:46:27|210|ProcessingTier.class|INST_NEW|Up|1456242383||1575||4||201|0|0|||INST_NONE|
#=#=#=# Syncrun started 2016-02-23T09:46:56 until 2016-02-23T09:46:56 (697 msec)
15:46:55|334|Timer.java|INST_SYNC|Up|1456242413||531||4||204|511|1456242364|1fe9b6ce01f2f7765705f90dbfe8a8a4|00253360ocs3ri6ikcvn|INST_NONE|
#=#=#=# Syncrun started 2016-02-23T09:46:59 until 2016-02-23T09:46:59 (602 msec)
15:46:58|193|MineField.class|INST_REMOVE|Up|1456242384|726953a4f9525c4703ce9f6b2c44183f|1930|00253478ocs3ri6ikcvn|4||204|0|0|||INST_NONE|
|0|MineSweeper$1.class|INST_SYNC|Up|1456242418||446||3|Local file changed during sync.|0|446|1456242383|edf3b3934d6db5e2ca6470de02b405b5|00253481ocs3ri6ikcvn|INST_NONE|
|0|MineSweeper$2.class|INST_SYNC|Up|1456242418||446||3|Local file changed during sync.|0|446|1456242383|2917d9f5852f0c268b9158e6b3a7cd7d|00253484ocs3ri6ikcvn|INST_NONE|
|0|MineSweeper$3.class|INST_SYNC|Up|1456242418||500||3|Local file changed during sync.|0|500|1456242383|32a244d434a6d544e7574cb6b7a0849c|00253487ocs3ri6ikcvn|INST_NONE|
|0|MineSweeper$4.class|INST_SYNC|Up|1456242418||861||3|Local file changed during sync.|0|861|1456242383|9c7c119b40bf5965a1ce90b01f2a1829|00253490ocs3ri6ikcvn|INST_NONE|
|0|MineSweeper$5.class|INST_SYNC|Up|1456242418||685||3|Local file changed during sync.|0|685|1456242383|b2250a1e5ec9b99bb6c4ac78f0f5f353|00253493ocs3ri6ikcvn|INST_NONE|
|0|MineSweeper.class|INST_SYNC|Up|1456242418||1739||3|Local file changed during sync.|0|1739|1456242383|c4995bc24783f269f5dcdde511c43d19|00253496ocs3ri6ikcvn|INST_NONE|
|0|MineSweeperGUI.class|INST_SYNC|Up|1456242419||1056||3|Local file changed during sync.|0|1056|1456242383|8e40def06c8cc01adba96f21dbcb8184|00253499ocs3ri6ikcvn|INST_NONE|
15:46:58|229|ProcessingTier.class|INST_REMOVE|Up|1456242383|fadef96fc72d88a6bdf92d9f68f381e9|1575|00253502ocs3ri6ikcvn|4||204|0|0|||INST_NONE|
#=#=#=# Syncrun started 2016-02-23T09:47:02 until 2016-02-23T09:47:03 (1292 msec)
15:47:01|237|MineField.class|INST_NEW|Up|1456242419||1930||4||201|0|0|||INST_NONE|
15:47:01|325|MineSweeper$1.class|INST_SYNC|Up|1456242418||446||4||204|446|1456242383|edf3b3934d6db5e2ca6470de02b405b5|00253481ocs3ri6ikcvn|INST_NONE|
15:47:01|408|MineSweeper$2.class|INST_SYNC|Up|1456242418||446||4||204|446|1456242383|2917d9f5852f0c268b9158e6b3a7cd7d|00253484ocs3ri6ikcvn|INST_NONE|
15:47:01|285|MineSweeper$3.class|INST_SYNC|Up|1456242418||500||4||204|500|1456242383|32a244d434a6d544e7574cb6b7a0849c|00253487ocs3ri6ikcvn|INST_NONE|
15:47:02|282|MineSweeper$4.class|INST_SYNC|Up|1456242418||861||4||204|861|1456242383|9c7c119b40bf5965a1ce90b01f2a1829|00253490ocs3ri6ikcvn|INST_NONE|
15:47:02|278|MineSweeper$5.class|INST_SYNC|Up|1456242418||685||4||204|685|1456242383|b2250a1e5ec9b99bb6c4ac78f0f5f353|00253493ocs3ri6ikcvn|INST_NONE|
15:47:02|275|MineSweeper.class|INST_SYNC|Up|1456242418||1739||4||204|1739|1456242383|c4995bc24783f269f5dcdde511c43d19|00253496ocs3ri6ikcvn|INST_NONE|
15:47:02|260|MineSweeperGUI.class|INST_SYNC|Up|1456242419||1056||4||204|1056|1456242383|8e40def06c8cc01adba96f21dbcb8184|00253499ocs3ri6ikcvn|INST_NONE|
15:47:02|226|ProcessingTier.class|INST_NEW|Up|1456242419||1575||4||201|0|0|||INST_NONE|
#=#=#=# Syncrun started 2016-02-23T09:47:56 until 2016-02-23T09:47:56 (259 msec)
#=#=#=# Syncrun started 2016-02-23T09:49:39 until 2016-02-23T09:49:40 (575 msec)
15:49:39|244|Timer.java|INST_SYNC|Up|1456242577||533||4||204|531|1456242413|ea0ec404c1faa55ada3fd5fae0ec393e|00253360ocs3ri6ikcvn|INST_NONE|
#=#=#=# Syncrun started 2016-02-23T09:49:42 until 2016-02-23T09:49:44 (1496 msec)
15:49:42|300|MineField.class|INST_REMOVE|Up|1456242419|e1cfe794730abac1ab1a53a11cbadc7f|1930|00253506ocs3ri6ikcvn|4||204|0|0|||INST_NONE|
15:49:42|271|MineSweeper$1.class|INST_REMOVE|Up|1456242418|2e62ffd73b2c69e9331d11c542a95d33|446|00253481ocs3ri6ikcvn|4||204|0|0|||INST_NONE|
15:49:43|304|MineSweeper$2.class|INST_REMOVE|Up|1456242418|85a407892da4b99aeb00020ffe0c431c|446|00253484ocs3ri6ikcvn|4||204|0|0|||INST_NONE|
15:49:43|284|MineSweeper$3.class|INST_REMOVE|Up|1456242418|69279eb0a379ad448a160e15f89ee602|500|00253487ocs3ri6ikcvn|4||204|0|0|||INST_NONE|
15:49:43|290|MineSweeper$4.class|INST_REMOVE|Up|1456242418|fc00ea49a0644180e86b2754e818101b|861|00253490ocs3ri6ikcvn|4||204|0|0|||INST_NONE|
15:49:43|260|MineSweeper$5.class|INST_REMOVE|Up|1456242418|93b5d346817b7a8e3f0ab3a6fe4f2a95|685|00253493ocs3ri6ikcvn|4||204|0|0|||INST_NONE|
15:49:43|247|MineSweeper.class|INST_REMOVE|Up|1456242418|71f103d4342665f03cc38303230cb144|1739|00253496ocs3ri6ikcvn|4||204|0|0|||INST_NONE|
15:49:43|241|MineSweeperGUI.class|INST_REMOVE|Up|1456242419|de1c0b515ba406a883f560ae2ed7a248|1056|00253499ocs3ri6ikcvn|4||204|0|0|||INST_NONE|
15:49:43|210|ProcessingTier.class|INST_REMOVE|Up|1456242419|4cf22bbd2aac32d6b5809d6d4919fd30|1575|00253516ocs3ri6ikcvn|4||204|0|0|||INST_NONE|
#=#=#=# Syncrun started 2016-02-23T09:49:46 until 2016-02-23T09:49:47 (1106 msec)
15:49:46|202|MineField.class|INST_NEW|Up|1456242584||1930||4||201|0|0|||INST_NONE|
15:49:46|341|MineSweeper$1.class|INST_NEW|Up|1456242584||446||4||201|0|0|||INST_NONE|
15:49:46|245|MineSweeper$2.class|INST_NEW|Up|1456242584||446||4||201|0|0|||INST_NONE|
15:49:46|221|MineSweeper$3.class|INST_NEW|Up|1456242584||500||4||201|0|0|||INST_NONE|
15:49:46|263|MineSweeper$4.class|INST_NEW|Up|1456242584||861||4||201|0|0|||INST_NONE|
15:49:46|271|MineSweeper$5.class|INST_NEW|Up|1456242584||685||4||201|0|0|||INST_NONE|
15:49:46|279|MineSweeper.class|INST_NEW|Up|1456242584||1739||4||201|0|0|||INST_NONE|
15:49:46|238|MineSweeperGUI.class|INST_NEW|Up|1456242584||1056||4||201|0|0|||INST_NONE|
15:49:46|219|ProcessingTier.class|INST_NEW|Up|1456242584||1575||4||201|0|0|||INST_NONE|
#=#=#=# Syncrun started 2016-02-23T09:50:26 until 2016-02-23T09:50:26 (686 msec)
#=#=#=# Syncrun started 2016-02-23T09:51:05 until 2016-02-23T09:51:06 (1326 msec)
15:51:05|319|Score.java|INST_SYNC|Up|1456242662||2239||4||204|2222|1456242212|1c47d8d096d22212dd089c43874bab36|00253242ocs3ri6ikcvn|INST_NONE|
#=#=#=# Syncrun started 2016-02-23T09:51:11 until 2016-02-23T09:51:12 (1155 msec)
15:51:10|197|MineField.class|INST_REMOVE|Up|1456242584|ba290453206f7fdabe01e2565833c7e8|1930|00253520ocs3ri6ikcvn|4||204|0|0|||INST_NONE|
15:51:10|243|MineSweeper$1.class|INST_REMOVE|Up|1456242584|ab1456ef5905c1fe24b6abd83889872e|446|00253526ocs3ri6ikcvn|4||204|0|0|||INST_NONE|
15:51:10|210|MineSweeper$2.class|INST_REMOVE|Up|1456242584|ca3073bafb15e45d8c2e30082874fa15|446|00253523ocs3ri6ikcvn|4||204|0|0|||INST_NONE|
15:51:10|301|MineSweeper$3.class|INST_REMOVE|Up|1456242584|d4ad5d67a8755ec35296800c073e6bc8|500|00253529ocs3ri6ikcvn|4||204|0|0|||INST_NONE|
15:51:11|218|MineSweeper$4.class|INST_REMOVE|Up|1456242584|26af1ba750acb9f859ca31bf0e5d3e6c|861|00253532ocs3ri6ikcvn|4||204|0|0|||INST_NONE|
15:51:11|241|MineSweeper$5.class|INST_REMOVE|Up|1456242584|2488c484c6a98650c1493ef82176a067|685|00253535ocs3ri6ikcvn|4||204|0|0|||INST_NONE|
15:51:11|215|MineSweeper.class|INST_REMOVE|Up|1456242584|fbe154a114e397282ada1f01c17275e6|1739|00253538ocs3ri6ikcvn|4||204|0|0|||INST_NONE|
15:51:11|236|MineSweeperGUI.class|INST_REMOVE|Up|1456242584|17cdab12cf6e217343c3a0c4ae350599|1056|00253541ocs3ri6ikcvn|4||204|0|0|||INST_NONE|
15:51:11|214|ProcessingTier.class|INST_REMOVE|Up|1456242584|364b1196747e7f46c318ea578a4c530c|1575|00253544ocs3ri6ikcvn|4||204|0|0|||INST_NONE|
#=#=#=# Syncrun started 2016-02-23T09:51:14 until 2016-02-23T09:51:15 (1312 msec)
15:51:14|218|MineField.class|INST_NEW|Up|1456242672||1930||4||201|0|0|||INST_NONE|
15:51:14|252|MineSweeper$1.class|INST_NEW|Up|1456242671||446||4||201|0|0|||INST_NONE|
15:51:14|343|MineSweeper$2.class|INST_NEW|Up|1456242671||446||4||201|0|0|||INST_NONE|
15:51:14|207|MineSweeper$3.class|INST_NEW|Up|1456242671||500||4||201|0|0|||INST_NONE|
15:51:14|249|MineSweeper$4.class|INST_NEW|Up|1456242671||861||4||201|0|0|||INST_NONE|
15:51:14|266|MineSweeper$5.class|INST_NEW|Up|1456242671||685||4||201|0|0|||INST_NONE|
15:51:14|220|MineSweeper.class|INST_NEW|Up|1456242671||1739||4||201|0|0|||INST_NONE|
15:51:14|476|MineSweeperGUI.class|INST_NEW|Up|1456242672||1056||4||201|0|0|||INST_NONE|
15:51:14|238|ProcessingTier.class|INST_NEW|Up|1456242672||1575||4||201|0|0|||INST_NONE|
#=#=#=# Syncrun started 2016-02-23T09:51:56 until 2016-02-23T09:51:56 (237 msec)
#=#=#=# Syncrun started 2016-02-23T09:52:55 until 2016-02-23T09:52:56 (1375 msec)
15:52:55|186|MineField.class|INST_REMOVE|Up|1456242672|dcabfe92b194b3b338cda225f413fcb4|1930|00253548ocs3ri6ikcvn|4||204|0|0|||INST_NONE|
15:52:55|279|MineSweeper$1.class|INST_REMOVE|Up|1456242671|3d07394cf4a2be537d6059f7c68179a5|446|00253551ocs3ri6ikcvn|4||204|0|0|||INST_NONE|
15:52:55|324|MineSweeper$2.class|INST_REMOVE|Up|1456242671|f7acbd7a9c1cddf9d0353c02f9296115|446|00253554ocs3ri6ikcvn|4||204|0|0|||INST_NONE|
15:52:55|393|MineSweeper$3.class|INST_REMOVE|Up|1456242671|5c46351c3f6a988cdd2440467d177975|500|00253557ocs3ri6ikcvn|4||204|0|0|||INST_NONE|
15:52:55|294|MineSweeper$4.class|INST_REMOVE|Up|1456242671|910ccc4efdee1c09fc8ed838bc0aa822|861|00253560ocs3ri6ikcvn|4||204|0|0|||INST_NONE|
15:52:55|232|MineSweeper$5.class|INST_REMOVE|Up|1456242671|db0974a011b83d86cf64e58f5d2c8377|685|00253563ocs3ri6ikcvn|4||204|0|0|||INST_NONE|
15:52:55|231|MineSweeper.class|INST_REMOVE|Up|1456242671|c036460add4fcbec40f706db7c26eba9|1739|00253566ocs3ri6ikcvn|4||204|0|0|||INST_NONE|
15:52:55|225|MineSweeperGUI.class|INST_REMOVE|Up|1456242672|96716097bb224bf82adc96716c72d129|1056|00253569ocs3ri6ikcvn|4||204|0|0|||INST_NONE|
15:52:55|224|ProcessingTier.class|INST_REMOVE|Up|1456242672|5642e6629db47cc0bdc3e1a913339d0f|1575|00253572ocs3ri6ikcvn|4||204|0|0|||INST_NONE|
15:52:56|248|Score.java|INST_SYNC|Up|1456242772||2328||4||204|2239|1456242662|cdeb5822a2a6dd7829a9fb0f0e731508|00253242ocs3ri6ikcvn|INST_NONE|
#=#=#=# Syncrun started 2016-02-23T09:52:59 until 2016-02-23T09:53:02 (2737 msec)
15:52:59|236|MineField.class|INST_NEW|Up|1456242777||1930||4||201|0|0|||INST_NONE|
15:52:59|992|MineSweeper$1.class|INST_NEW|Up|1456242777||446||4||201|0|0|||INST_NONE|
15:52:59|1000|MineSweeper$2.class|INST_NEW|Up|1456242777||446||4||201|0|0|||INST_NONE|
15:52:59|761|MineSweeper$3.class|INST_NEW|Up|1456242777||500||4||201|0|0|||INST_NONE|
15:53:00|493|MineSweeper$4.class|INST_NEW|Up|1456242777||861||4||201|0|0|||INST_NONE|
15:53:00|647|MineSweeper$5.class|INST_NEW|Up|1456242777||685||4||201|0|0|||INST_NONE|
15:53:00|486|MineSweeper.class|INST_NEW|Up|1456242777||1739||4||201|0|0|||INST_NONE|
15:53:01|610|MineSweeperGUI.class|INST_NEW|Up|1456242777||1056||4||201|0|0|||INST_NONE|
15:53:01|599|ProcessingTier.class|INST_NEW|Up|1456242777||1575||4||201|0|0|||INST_NONE|
15:53:01|448|Score.class|INST_NEW|Up|1456242777||1373||4||201|0|0|||INST_NONE|
#=#=#=# Syncrun started 2016-02-23T09:53:56 until 2016-02-23T09:53:56 (872 msec)
#=#=#=# Syncrun started 2016-02-23T09:54:49 until 2016-02-23T09:54:50 (1321 msec)
15:54:49|946|SavedData.java|INST_SYNC|Up|1456242886||5973||4||204|5914|1456239826|b76e859e2a34944757a26b27760ad5a0|00253317ocs3ri6ikcvn|INST_NONE|
#=#=#=# Syncrun started 2016-02-23T09:55:26 until 2016-02-23T09:55:26 (262 msec)
#=#=#=# Syncrun started 2016-02-23T09:57:19 until 2016-02-23T09:57:20 (1346 msec)
#=#=#=# Syncrun started 2016-02-23T10:28:26 until 2016-02-23T10:28:26 (235 msec)
#=#=#=# Syncrun started 2016-02-23T11:07:20 until 2016-02-23T11:07:20 (188 msec)
#=#=#=# Syncrun started 2016-02-23T11:25:53 until 2016-02-23T11:26:06 (13048 msec)
17:25:53|10984|MineField.class|INST_REMOVE|Up|1456242777|7e0c4daa214226476703d96664b169ef|1930|00253576ocs3ri6ikcvn|4||204|0|0|||INST_NONE|
17:25:55|11076|MineSweeper$1.class|INST_REMOVE|Up|1456242777|911e59d146e298577412aeb8b07733e9|446|00253579ocs3ri6ikcvn|4||204|0|0|||INST_NONE|
17:25:55|10965|MineSweeper$2.class|INST_REMOVE|Up|1456242777|88a1949f97f6ec956c03e44570aaef31|446|00253582ocs3ri6ikcvn|4||204|0|0|||INST_NONE|
17:26:04|188|MineSweeper$3.class|INST_REMOVE|Up|1456242777|1b336f3c86caa157635790ae885bde82|500|00253585ocs3ri6ikcvn|4||204|0|0|||INST_NONE|
17:26:04|392|MineSweeper$4.class|INST_REMOVE|Up|1456242777|ca6ec028435ff24c96e30aca71c58f0c|861|00253591ocs3ri6ikcvn|4||204|0|0|||INST_NONE|
17:26:04|206|MineSweeper$5.class|INST_REMOVE|Up|1456242777|9114e65fe25ca930e635bdaa6221e8b9|685|00253594ocs3ri6ikcvn|4||204|0|0|||INST_NONE|
17:26:04|367|MineSweeper.class|INST_REMOVE|Up|1456242777|4915fade64688f7bb32bb53f372236b0|1739|00253588ocs3ri6ikcvn|4||204|0|0|||INST_NONE|
17:26:04|762|MineSweeperGUI.class|INST_REMOVE|Up|1456242777|2dbfa55aa6f68b2a3c6d7be4a0abf86b|1056|00253600ocs3ri6ikcvn|4||204|0|0|||INST_NONE|
17:26:04|624|ProcessingTier.class|INST_REMOVE|Up|1456242777|74380dd33f0d4a630e0781acc59f8fc8|1575|00253597ocs3ri6ikcvn|4||204|0|0|||INST_NONE|
17:26:04|628|Score.class|INST_REMOVE|Up|1456242777|fc4a9d45eb9864dd225ad8eb358b5f94|1373|00253603ocs3ri6ikcvn|4||204|0|0|||INST_NONE|
#=#=#=# Syncrun started 2016-02-23T11:26:56 until 2016-02-23T11:26:56 (161 msec)
#=#=#=# Syncrun started 2016-02-23T11:55:57 until 2016-02-23T11:55:57 (271 msec)
#=#=#=# Syncrun started 2016-02-23T12:04:22 until 2016-02-23T12:04:23 (1121 msec)
#=#=#=# Syncrun started 2016-02-23T12:10:57 until 2016-02-23T12:10:57 (257 msec)
#=#=#=# Syncrun started 2016-02-23T12:31:51 until 2016-02-23T12:31:51 (500 msec)
18:31:49|163|MineSweeper.java|INST_SYNC|Down|1456251641|cb611f2c41ce250fdb9ae54865d2a553|15035|00253270ocs3ri6ikcvn|4||0|6711|1456239935|||INST_NONE|
#=#=#=# Syncrun started 2016-02-23T12:38:44 until 2016-02-23T12:38:45 (1073 msec)
18:38:43|634|MineSweeper.java|INST_SYNC|Up|1456252721||15040||4||204|15035|1456251641|cb611f2c41ce250fdb9ae54865d2a553|00253270ocs3ri6ikcvn|INST_NONE|
#=#=#=# Syncrun started 2016-02-23T12:39:32 until 2016-02-23T12:39:33 (191 msec)
#=#=#=# Syncrun started 2016-02-23T12:39:43 until 2016-02-23T12:39:44 (1611 msec)
18:39:42|1114|MineSweeper.java|INST_SYNC|Up|1456252779||15045||4||204|15040|1456252721|af0b43165da3181ef3349fbd47730124|00253270ocs3ri6ikcvn|INST_NONE|
#=#=#=# Syncrun started 2016-02-23T12:39:46 until 2016-02-23T12:39:48 (1190 msec)
18:39:45|213|MineField.class|INST_NEW|Up|1456252783||1930||4||201|0|0|||INST_NONE|
18:39:45|249|MineSweeper$1.class|INST_NEW|Up|1456252783||1154||4||201|0|0|||INST_NONE|
18:39:46|574|MineSweeper$2.class|INST_NEW|Up|1456252783||1184||4||201|0|0|||INST_NONE|
18:39:45|196|MineSweeper$3.class|INST_NEW|Up|1456252783||523||4||201|0|0|||INST_NONE|
18:39:46|235|MineSweeper$4.class|INST_NEW|Up|1456252783||645||4||201|0|0|||INST_NONE|
18:39:46|225|MineSweeper$5.class|INST_NEW|Up|1456252783||647||4||201|0|0|||INST_NONE|
18:39:46|240|MineSweeper$MouseHandler.class|INST_NEW|Up|1456252783||2519||4||201|0|0|||INST_NONE|
18:39:46|221|MineSweeper.class|INST_NEW|Up|1456252783||8977||4||201|0|0|||INST_NONE|
18:39:46|233|Score.class|INST_NEW|Up|1456252783||1373||4||201|0|0|||INST_NONE|
#=#=#=# Syncrun started 2016-02-23T12:40:22 until 2016-02-23T12:40:22 (207 msec)
#=#=#=# Syncrun started 2016-02-23T12:42:28 until 2016-02-23T12:42:29 (1352 msec)
18:42:27|1004|Timer.java|INST_SYNC|Up|1456252945||706||4||204|533|1456242577|6f9a5550d7721a406cba0a5b709d57d3|00253360ocs3ri6ikcvn|INST_NONE|
#=#=#=# Syncrun started 2016-02-23T12:42:32 until 2016-02-23T12:42:33 (1696 msec)
18:42:30|241|MineSweeper$1.class|INST_SYNC|Up|1456252949||1154||4||204|1154|1456252783|43669ad3d9d5d13f283db078951259e3|00253613ocs3ri6ikcvn|INST_NONE|
18:42:31|433|MineSweeper$2.class|INST_SYNC|Up|1456252949||1184||4||204|1184|1456252783|1064e8e1f2a082ce86c601e0f97d4dac|00253622ocs3ri6ikcvn|INST_NONE|
18:42:31|1118|MineSweeper$3.class|INST_SYNC|Up|1456252949||523||4||204|523|1456252783|eb86a91f45349b1cdde2e836d3ae706d|00253616ocs3ri6ikcvn|INST_NONE|
18:42:31|349|MineSweeper$4.class|INST_SYNC|Up|1456252949||645||4||204|645|1456252783|cdeadbbfa1be34362888c5d19af472f2|00253619ocs3ri6ikcvn|INST_NONE|
18:42:31|316|MineSweeper$5.class|INST_SYNC|Up|1456252949||647||4||204|647|1456252783|72297170bbc30e5c79198dce2db6a94a|00253625ocs3ri6ikcvn|INST_NONE|
18:42:31|230|MineSweeper$MouseHandler.class|INST_SYNC|Up|1456252949||2519||4||204|2519|1456252783|d97c108cc725cd9c4a2e1b8ae82c00cc|00253628ocs3ri6ikcvn|INST_NONE|
18:42:31|352|MineSweeper.class|INST_SYNC|Up|1456252949||8977||4||204|8977|1456252783|35d6f0e188e94f81a33f9640bf90befb|00253631ocs3ri6ikcvn|INST_NONE|
18:42:31|437|Timer.class|INST_NEW|Up|1456252949||813||4||201|0|0|||INST_NONE|
#=#=#=# Syncrun started 2016-02-23T12:42:38 until 2016-02-23T12:42:40 (1433 msec)
18:42:37|244|MineField.class|INST_REMOVE|Up|1456252783|61ddf57dc14919c76b8db6bfccb909e3|1930|00253610ocs3ri6ikcvn|4||204|0|0|||INST_NONE|
18:42:37|247|MineSweeper$1.class|INST_REMOVE|Up|1456252949|5d425d2ad6218cb3501ba61ddd9361b7|1154|00253613ocs3ri6ikcvn|4||204|0|0|||INST_NONE|
18:42:38|919|MineSweeper$2.class|INST_REMOVE|Up|1456252949|493a34e6c365be357d3308c150544fba|1184|00253622ocs3ri6ikcvn|4||204|0|0|||INST_NONE|
18:42:37|216|MineSweeper$3.class|INST_REMOVE|Up|1456252949|f3c54e54b87853986f79d29a3cc206f7|523|00253616ocs3ri6ikcvn|4||204|0|0|||INST_NONE|
18:42:37|216|MineSweeper$4.class|INST_REMOVE|Up|1456252949|25611ba5d68b4b093558ce851ac1f721|645|00253619ocs3ri6ikcvn|4||204|0|0|||INST_NONE|
18:42:38|203|MineSweeper$5.class|INST_REMOVE|Up|1456252949|940a86027cccec73a89c336c9c14e97c|647|00253625ocs3ri6ikcvn|4||204|0|0|||INST_NONE|
18:42:38|235|MineSweeper$MouseHandler.class|INST_REMOVE|Up|1456252949|837c4d9faad817f3d065f71254e314d1|2519|00253628ocs3ri6ikcvn|4||204|0|0|||INST_NONE|
18:42:38|217|MineSweeper.class|INST_REMOVE|Up|1456252949|d23c19faf829749600c03089429c8577|8977|00253631ocs3ri6ikcvn|4||204|0|0|||INST_NONE|
18:42:38|202|Score.class|INST_REMOVE|Up|1456252783|eb6593f1ea5d9de75b425c43f1b289aa|1373|00253634ocs3ri6ikcvn|4||204|0|0|||INST_NONE|
18:42:38|287|Timer.class|INST_REMOVE|Up|1456252949|c2e93f403c9283292f65fa7e8c908ec1|813|00253645ocs3ri6ikcvn|4||204|0|0|||INST_NONE|
#=#=#=# Syncrun started 2016-02-23T12:42:42 until 2016-02-23T12:42:43 (1187 msec)
18:42:41|196|MineField.class|INST_NEW|Up|1456252960||1930||4||201|0|0|||INST_NONE|
18:42:41|256|MineSweeper$1.class|INST_NEW|Up|1456252960||1154||4||201|0|0|||INST_NONE|
18:42:41|350|MineSweeper$2.class|INST_NEW|Up|1456252960||1184||4||201|0|0|||INST_NONE|
18:42:41|213|MineSweeper$3.class|INST_NEW|Up|1456252960||523||4||201|0|0|||INST_NONE|
18:42:41|250|MineSweeper$4.class|INST_NEW|Up|1456252960||645||4||201|0|0|||INST_NONE|
18:42:41|227|MineSweeper$5.class|INST_NEW|Up|1456252960||647||4||201|0|0|||INST_NONE|
18:42:41|242|MineSweeper$MouseHandler.class|INST_NEW|Up|1456252960||2519||4||201|0|0|||INST_NONE|
18:42:41|222|MineSweeper.class|INST_NEW|Up|1456252960||8977||4||201|0|0|||INST_NONE|
18:42:41|224|SavedData.class|INST_NEW|Up|1456252960||2716||4||201|0|0|||INST_NONE|
18:42:41|217|Score.class|INST_NEW|Up|1456252960||1373||4||201|0|0|||INST_NONE|
18:42:42|219|Timer.class|INST_NEW|Up|1456252960||813||4||201|0|0|||INST_NONE|
#=#=#=# Syncrun started 2016-02-23T12:43:21 until 2016-02-23T12:43:21 (332 msec)
#=#=#=# Syncrun started 2016-02-23T13:51:06 until 2016-02-23T13:51:07 (974 msec)
|0|images|INST_NEW|Down|1456253198|56cca90e650dc|0|00253679ocs3ri6ikcvn|4||0|0|0|||INST_NONE|
19:51:05|253|images/flag.png|INST_NEW|Down|1452327249|10bc41dea2ecd44cabf3a3d4607512e3|1087|00253683ocs3ri6ikcvn|4||0|0|0|||INST_NONE|
19:51:05|360|images/mine.png|INST_NEW|Down|1452327249|453160798c25cf3d30e8e50107a13028|1483|00253686ocs3ri6ikcvn|4||0|0|0|||INST_NONE|
19:51:05|270|images/question.png|INST_NEW|Down|1456007960|98110bcb12ae61d4b4662f24eb15203d|351|00253689ocs3ri6ikcvn|4||0|0|0|||INST_NONE|
#=#=#=# Syncrun started 2016-02-23T13:51:43 until 2016-02-23T13:51:45 (1803 msec)
19:51:43|1069|flag.png|INST_NEW|Up|1456257102||1087||4||201|0|0|||INST_NONE|
19:51:43|1059|mine.png|INST_NEW|Up|1456257102||1483||4||201|0|0|||INST_NONE|
19:51:43|1068|question.png|INST_NEW|Up|1456257102||351||4||201|0|0|||INST_NONE|
#=#=#=# Syncrun started 2016-02-23T13:52:32 until 2016-02-23T13:52:32 (362 msec)
#=#=#=# Syncrun started 2016-02-23T13:54:09 until 2016-02-23T13:54:11 (2245 msec)
19:54:07|1040|MineField.class|INST_REMOVE|Up|1456252960|f1654b26c89c495e5d28dc758d41dc17|1930|00253648ocs3ri6ikcvn|4||204|0|0|||INST_NONE|
19:54:07|932|MineSweeper$1.class|INST_REMOVE|Up|1456252960|7700455effab418d999bac81158d3abd|1154|00253651ocs3ri6ikcvn|4||204|0|0|||INST_NONE|
19:54:08|840|MineSweeper$2.class|INST_REMOVE|Up|1456252960|f27e2a2c04072f038f41517ddbffef53|1184|00253654ocs3ri6ikcvn|4||204|0|0|||INST_NONE|
19:54:08|282|MineSweeper$3.class|INST_REMOVE|Up|1456252960|e00af7822f626f6d84e115ddedcf28e2|523|00253657ocs3ri6ikcvn|4||204|0|0|||INST_NONE|
19:54:08|355|MineSweeper$4.class|INST_REMOVE|Up|1456252960|aa7a8b833ce450fb570eb68a14c6541c|645|00253660ocs3ri6ikcvn|4||204|0|0|||INST_NONE|
19:54:08|197|MineSweeper$5.class|INST_REMOVE|Up|1456252960|73ef253ddc96784e88e6901df94afa08|647|00253663ocs3ri6ikcvn|4||204|0|0|||INST_NONE|
19:54:09|246|MineSweeper$MouseHandler.class|INST_REMOVE|Up|1456252960|b9cb9448e045929dd150a905ea4771d3|2519|00253666ocs3ri6ikcvn|4||204|0|0|||INST_NONE|
19:54:09|239|MineSweeper.class|INST_REMOVE|Up|1456252960|0eb23452b8e8c43a571bda228ce65241|8977|00253669ocs3ri6ikcvn|4||204|0|0|||INST_NONE|
19:54:09|238|SavedData.class|INST_REMOVE|Up|1456252960|7d299081afa7d25d85bab51ac9f1ebde|2716|00253672ocs3ri6ikcvn|4||204|0|0|||INST_NONE|
19:54:09|225|Score.class|INST_REMOVE|Up|1456252960|8c122d9488e5e51a22a0eb247dbd9225|1373|00253675ocs3ri6ikcvn|4||204|0|0|||INST_NONE|
19:54:09|212|Timer.class|INST_REMOVE|Up|1456252960|41ffe348d97c68badec3c940deb8a8b6|813|00253678ocs3ri6ikcvn|4||204|0|0|||INST_NONE|
#=#=#=# Syncrun started 2016-02-23T13:54:20 until 2016-02-23T13:54:22 (1924 msec)
19:54:19|298|MineField.class|INST_NEW|Up|1456257258||1930||4||201|0|0|||INST_NONE|
19:54:19|371|MineSweeper$1.class|INST_NEW|Up|1456257258||1154||4||201|0|0|||INST_NONE|
19:54:19|679|MineSweeper$2.class|INST_NEW|Up|1456257258||1184||4||201|0|0|||INST_NONE|
19:54:19|216|MineSweeper$3.class|INST_NEW|Up|1456257258||523||4||201|0|0|||INST_NONE|
19:54:19|211|MineSweeper$4.class|INST_NEW|Up|1456257258||645||4||201|0|0|||INST_NONE|
19:54:19|204|MineSweeper$5.class|INST_NEW|Up|1456257258||647||4||201|0|0|||INST_NONE|
19:54:19|230|MineSweeper$MouseHandler.class|INST_NEW|Up|1456257258||2519||4||201|0|0|||INST_NONE|
19:54:19|240|MineSweeper.class|INST_NEW|Up|1456257258||8977||4||201|0|0|||INST_NONE|
19:54:19|391|SavedData.class|INST_NEW|Up|1456257258||2716||4||201|0|0|||INST_NONE|
19:54:19|298|Score.class|INST_NEW|Up|1456257258||1373||4||201|0|0|||INST_NONE|
19:54:20|374|Timer.class|INST_NEW|Up|1456257258||813||4||201|0|0|||INST_NONE|
#=#=#=# Syncrun started 2016-02-23T13:55:01 until 2016-02-23T13:55:02 (553 msec)
#=#=#=# Syncrun started 2016-02-23T14:22:21 until 2016-02-23T14:22:24 (2847 msec)
20:22:21|1246|MineSweeper.java|INST_SYNC|Up|1456258939||15249||4||204|15045|1456252779|322c75b2549291506d30d6e22a29ee85|00253270ocs3ri6ikcvn|INST_NONE|
#=#=#=# Syncrun started 2016-02-23T14:22:51 until 2016-02-23T14:22:52 (1098 msec)
20:22:50|437|MineSweeper.java|INST_SYNC|Up|1456258969||15249||4||204|15249|1456258939|03e8cdad87954148fd87bd88b7d7f407|00253270ocs3ri6ikcvn|INST_NONE|
#=#=#=# Syncrun started 2016-02-23T14:23:00 until 2016-02-23T14:23:03 (2496 msec)
20:22:59|201|MineField.class|INST_REMOVE|Up|1456257258|99693d617fe3062b47838834a9a292a5|1930|00253701ocs3ri6ikcvn|4||204|0|0|||INST_NONE|
20:23:00|1878|MineSweeper$1.class|INST_REMOVE|Up|1456257258|73172127a4d25f08af71571f20b7249f|1154|00253704ocs3ri6ikcvn|4||204|0|0|||INST_NONE|
20:22:59|178|MineSweeper$2.class|INST_REMOVE|Up|1456257258|5efe23d657e01b58bbd0fb572aed3f01|1184|00253713ocs3ri6ikcvn|4||204|0|0|||INST_NONE|
20:23:00|1848|MineSweeper$3.class|INST_REMOVE|Up|1456257258|bc293bd23d47cfe63a80d9ba2c3ae63b|523|00253707ocs3ri6ikcvn|4||204|0|0|||INST_NONE|
20:22:59|177|MineSweeper$4.class|INST_REMOVE|Up|1456257258|85a0dff97aa4eb1802fb4073b261aa9d|645|00253710ocs3ri6ikcvn|4||204|0|0|||INST_NONE|
20:22:59|179|MineSweeper$5.class|INST_REMOVE|Up|1456257258|2f9e7d3fc1d655c909099f37dd07e4c8|647|00253716ocs3ri6ikcvn|4||204|0|0|||INST_NONE|
20:22:59|225|MineSweeper$MouseHandler.class|INST_REMOVE|Up|1456257258|ed7c9078f2bd296d4b13c943e90c7042|2519|00253719ocs3ri6ikcvn|4||204|0|0|||INST_NONE|
20:23:00|193|MineSweeper.class|INST_REMOVE|Up|1456257258|4785ddd802e0aa1aef24a9d6ff2c63fb|8977|00253722ocs3ri6ikcvn|4||204|0|0|||INST_NONE|
20:23:00|172|SavedData.class|INST_REMOVE|Up|1456257258|9fb23cee92145bb1ea514dbbf6d4671a|2716|00253725ocs3ri6ikcvn|4||204|0|0|||INST_NONE|
20:23:00|173|Score.class|INST_REMOVE|Up|1456257258|0acc21be49afee92951fd088c65ee8a7|1373|00253728ocs3ri6ikcvn|4||204|0|0|||INST_NONE|
20:23:01|603|Timer.class|INST_REMOVE|Up|1456257258|0bab7f7899223749ffc40ae76dffe781|813|00253731ocs3ri6ikcvn|4||204|0|0|||INST_NONE|
#=#=#=# Syncrun started 2016-02-23T14:23:06 until 2016-02-23T14:23:08 (1715 msec)
20:23:04|174|MineField.class|INST_NEW|Up|1456258984||1930||4||201|0|0|||INST_NONE|
20:23:05|310|MineSweeper$1.class|INST_NEW|Up|1456258984||1154||4||201|0|0|||INST_NONE|
20:23:05|451|MineSweeper$2.class|INST_NEW|Up|1456258984||1184||4||201|0|0|||INST_NONE|
20:23:05|391|MineSweeper$3.class|INST_NEW|Up|1456258984||523||4||201|0|0|||INST_NONE|
20:23:05|258|MineSweeper$4.class|INST_NEW|Up|1456258984||762||4||201|0|0|||INST_NONE|
20:23:05|434|MineSweeper$5.class|INST_NEW|Up|1456258984||708||4||201|0|0|||INST_NONE|
20:23:05|181|MineSweeper$MouseHandler.class|INST_NEW|Up|1456258984||2519||4||201|0|0|||INST_NONE|
20:23:05|336|MineSweeper.class|INST_NEW|Up|1456258984||9002||4||201|0|0|||INST_NONE|
20:23:05|449|SavedData.class|INST_NEW|Up|1456258984||2716||4||201|0|0|||INST_NONE|
20:23:05|178|Score.class|INST_NEW|Up|1456258984||1373||4||201|0|0|||INST_NONE|
20:23:05|330|Timer.class|INST_NEW|Up|1456258984||813||4||201|0|0|||INST_NONE|
#=#=#=# Syncrun started 2016-02-23T14:24:01 until 2016-02-23T14:24:01 (225 msec)
#=#=#=# Syncrun started 2016-02-23T14:35:13 until 2016-02-23T14:35:24 (11473 msec)
20:35:11|10933|SavedData.java|INST_SYNC|Up|1456259711||5974||4||204|5973|1456242886|485e57589311cd2d81e300bd277f2696|00253317ocs3ri6ikcvn|INST_NONE|
#=#=#=# Syncrun started 2016-02-23T14:36:59 until 2016-02-23T14:36:59 (361 msec)
#=#=#=# Syncrun started 2016-02-23T14:39:53 until 2016-02-23T14:39:54 (1021 msec)
20:39:52|398|MineSweeper.java|INST_SYNC|Up|1456259990||15399||4||204|15249|1456258969|f750126002f5c4750955dbb4d0b9b8e6|00253270ocs3ri6ikcvn|INST_NONE|
#=#=#=# Syncrun started 2016-02-23T14:40:32 until 2016-02-23T14:40:32 (268 msec)
#=#=#=# Syncrun started 2016-02-23T14:40:57 until 2016-02-23T14:40:58 (894 msec)
20:40:56|299|MineSweeper.java|INST_SYNC|Up|1456260055||15399||4||204|15399|1456259990|66cd6b2ef8c753f41c6a768a5a5c5a09|00253270ocs3ri6ikcvn|INST_NONE|
#=#=#=# Syncrun started 2016-02-23T14:41:31 until 2016-02-23T14:41:31 (396 msec)
#=#=#=# Syncrun started 2016-02-23T14:45:36 until 2016-02-23T14:45:38 (1359 msec)
20:45:35|976|Timer.java|INST_SYNC|Up|1456260335||857||4||204|706|1456252945|b736784e309d063e1ab5e9d3ad46d74d|00253360ocs3ri6ikcvn|INST_NONE|
#=#=#=# Syncrun started 2016-02-23T14:46:31 until 2016-02-23T14:46:31 (258 msec)
#=#=#=# Syncrun started 2016-02-23T14:59:54 until 2016-02-23T14:59:56 (2143 msec)
20:59:52|958|MineField.class|INST_REMOVE|Up|1456258984|d6bd0737540e8d38f35ccd1ad0c62233|1930|00253736ocs3ri6ikcvn|4||204|0|0|||INST_NONE|
20:59:52|860|MineSweeper$1.class|INST_REMOVE|Up|1456258984|358b55b39f1e5d65b3e84243af198d4b|1154|00253739ocs3ri6ikcvn|4||204|0|0|||INST_NONE|
20:59:53|750|MineSweeper$2.class|INST_REMOVE|Up|1456258984|fff9ea54463fccb4cc41642494deb62c|1184|00253742ocs3ri6ikcvn|4||204|0|0|||INST_NONE|
20:59:53|349|MineSweeper$3.class|INST_REMOVE|Up|1456258984|d4c713d4c79668c7185370d7d8e6612a|523|00253745ocs3ri6ikcvn|4||204|0|0|||INST_NONE|
20:59:53|192|MineSweeper$4.class|INST_REMOVE|Up|1456258984|67b2d55f4402436f9bca7826d7dede19|762|00253748ocs3ri6ikcvn|4||204|0|0|||INST_NONE|
20:59:53|281|MineSweeper$5.class|INST_REMOVE|Up|1456258984|288dcff234a8acdd21f137802e7d13f7|708|00253754ocs3ri6ikcvn|4||204|0|0|||INST_NONE|
20:59:53|235|MineSweeper$MouseHandler.class|INST_REMOVE|Up|1456258984|fdfa49999e7b3a61345504acabd1d43a|2519|00253751ocs3ri6ikcvn|4||204|0|0|||INST_NONE|
20:59:53|240|MineSweeper.class|INST_REMOVE|Up|1456258984|9c063e2ae58f9db4d46b05c01b9b8ce9|9002|00253757ocs3ri6ikcvn|4||204|0|0|||INST_NONE|
20:59:53|303|MineSweeper.java|INST_SYNC|Up|1456261115||15501||4||204|15399|1456260055|914969f7695203cd426b91e4e3ef83be|00253270ocs3ri6ikcvn|INST_NONE|
20:59:54|253|SavedData.class|INST_REMOVE|Up|1456258984|060ecc708d8cd78e7b4f5de81b726594|2716|00253763ocs3ri6ikcvn|4||204|0|0|||INST_NONE|
20:59:54|251|Score.class|INST_REMOVE|Up|1456258984|601013c6c45afedb01cd277b97b46867|1373|00253760ocs3ri6ikcvn|4||204|0|0|||INST_NONE|
20:59:54|240|Score.java|INST_SYNC|Up|1456261142||2358||4||204|2328|1456242772|3938a9f65dcd0c85682d12aa6fefee44|00253242ocs3ri6ikcvn|INST_NONE|
20:59:54|256|Timer.class|INST_REMOVE|Up|1456258984|68889e36034494f7378f82031659c7d3|813|00253766ocs3ri6ikcvn|4||204|0|0|||INST_NONE|
#=#=#=# Syncrun started 2016-02-23T15:00:25 until 2016-02-23T15:00:25 (566 msec)
21:00:23|261|MineSweeper.java|INST_SYNC|Up|1456261210||15497||4||204|15501|1456261115|a6a29a8b52538d4d5376c03007663561|00253270ocs3ri6ikcvn|INST_NONE|
#=#=#=# Syncrun started 2016-02-23T15:00:42 until 2016-02-23T15:00:43 (827 msec)
21:00:40|315|MineSweeper.java|INST_SYNC|Up|1456261239||15499||4||204|15497|1456261210|674fe830f9ac5d0fcc622b0aaddf28ae|00253270ocs3ri6ikcvn|INST_NONE|
#=#=#=# Syncrun started 2016-02-23T15:01:28 until 2016-02-23T15:01:29 (581 msec)
21:01:27|244|MineSweeper.java|INST_SYNC|Up|1456261285||15521||4||204|15499|1456261239|b71bd45117745aea69b6290a596b87cf|00253270ocs3ri6ikcvn|INST_NONE|
#=#=#=# Syncrun started 2016-02-23T15:01:37 until 2016-02-23T15:01:38 (607 msec)
21:01:36|314|MineSweeper.java|INST_SYNC|Up|1456261295||15525||4||204|15521|1456261285|759dab83618ef0c383c5c67d67f3aa36|00253270ocs3ri6ikcvn|INST_NONE|
#=#=#=# Syncrun started 2016-02-23T15:01:41 until 2016-02-23T15:01:43 (1982 msec)
21:01:39|203|MineField.class|INST_NEW|Up|1456261299||1930||4||201|0|0|||INST_NONE|
21:01:40|324|MineSweeper$1.class|INST_NEW|Up|1456261299||1154||4||201|0|0|||INST_NONE|
21:01:41|1445|MineSweeper$2.class|INST_NEW|Up|1456261299||1184||4||201|0|0|||INST_NONE|
21:01:40|204|MineSweeper$3.class|INST_NEW|Up|1456261299||523||4||201|0|0|||INST_NONE|
21:01:40|231|MineSweeper$4.class|INST_NEW|Up|1456261299||762||4||201|0|0|||INST_NONE|
21:01:40|554|MineSweeper$5.class|INST_NEW|Up|1456261299||708||4||201|0|0|||INST_NONE|
21:01:40|398|MineSweeper$MouseHandler.class|INST_NEW|Up|1456261299||2519||4||201|0|0|||INST_NONE|
21:01:40|178|MineSweeper.class|INST_NEW|Up|1456261299||9278||4||201|0|0|||INST_NONE|
21:01:40|278|SavedData.class|INST_NEW|Up|1456261299||2716||4||201|0|0|||INST_NONE|
21:01:41|204|Score.class|INST_NEW|Up|1456261299||1406||4||201|0|0|||INST_NONE|
21:01:41|257|Timer.class|INST_NEW|Up|1456261299||933||4||201|0|0|||INST_NONE|
#=#=#=# Syncrun started 2016-02-23T15:01:49 until 2016-02-23T15:01:51 (1735 msec)
21:01:47|197|MineField.class|INST_REMOVE|Up|1456261299|00755d0288d600242ea532094394885d|1930|00253779ocs3ri6ikcvn|4||204|0|0|||INST_NONE|
21:01:47|234|MineSweeper$1.class|INST_REMOVE|Up|1456261299|b3951f760c522b86f347eda46c167ecf|1154|00253782ocs3ri6ikcvn|4||204|0|0|||INST_NONE|
21:01:47|235|MineSweeper$2.class|INST_REMOVE|Up|1456261299|618f6e5dadf9f0a9bf9d4a1c5a9ce88e|1184|00253806ocs3ri6ikcvn|4||204|0|0|||INST_NONE|
21:01:48|1200|MineSweeper$3.class|INST_REMOVE|Up|1456261299|57c8e9e552cea59400319a4ec36b5077|523|00253785ocs3ri6ikcvn|4||204|0|0|||INST_NONE|
21:01:48|221|MineSweeper$4.class|INST_REMOVE|Up|1456261299|60bc60398a56df809aa20598f8aeb71f|762|00253788ocs3ri6ikcvn|4||204|0|0|||INST_NONE|
21:01:48|210|MineSweeper$5.class|INST_REMOVE|Up|1456261299|1fe0e64204190f643094cdef3c44ac62|708|00253793ocs3ri6ikcvn|4||204|0|0|||INST_NONE|
21:01:48|191|MineSweeper$MouseHandler.class|INST_REMOVE|Up|1456261299|c4899fae70e12ee43ed6533119266dd4|2519|00253794ocs3ri6ikcvn|4||204|0|0|||INST_NONE|
21:01:48|199|MineSweeper.class|INST_REMOVE|Up|1456261299|612db74d06b41f3e1eb598ad33c4e6fc|9278|00253797ocs3ri6ikcvn|4||204|0|0|||INST_NONE|
21:01:48|196|SavedData.class|INST_REMOVE|Up|1456261299|83bdda188bb3a0abb5e346da360b6f1a|2716|00253800ocs3ri6ikcvn|4||204|0|0|||INST_NONE|
21:01:48|186|Score.class|INST_REMOVE|Up|1456261299|78b8bdafdb4397b4abac6966cf6e4bef|1406|00253803ocs3ri6ikcvn|4||204|0|0|||INST_NONE|
21:01:48|189|Timer.class|INST_REMOVE|Up|1456261299|e9de9441e600cbd46c110041b7786124|933|00253809ocs3ri6ikcvn|4||204|0|0|||INST_NONE|
#=#=#=# Syncrun started 2016-02-23T15:01:53 until 2016-02-23T15:01:55 (1902 msec)
21:01:51|298|MineField.class|INST_NEW|Up|1456261310||1930||4||201|0|0|||INST_NONE|
21:01:52|457|MineSweeper$1.class|INST_NEW|Up|1456261310||1154||4||201|0|0|||INST_NONE|
21:01:52|462|MineSweeper$2.class|INST_NEW|Up|1456261310||1184||4||201|0|0|||INST_NONE|
21:01:52|271|MineSweeper$3.class|INST_NEW|Up|1456261310||523||4||201|0|0|||INST_NONE|
21:01:52|427|MineSweeper$4.class|INST_NEW|Up|1456261310||762||4||201|0|0|||INST_NONE|
21:01:52|292|MineSweeper$5.class|INST_NEW|Up|1456261310||708||4||201|0|0|||INST_NONE|
21:01:52|334|MineSweeper$MouseHandler.class|INST_NEW|Up|1456261310||2519||4||201|0|0|||INST_NONE|
21:01:52|306|MineSweeper.class|INST_NEW|Up|1456261310||9278||4||201|0|0|||INST_NONE|
21:01:52|313|SavedData.class|INST_NEW|Up|1456261310||2716||4||201|0|0|||INST_NONE|
21:01:52|301|Score.class|INST_NEW|Up|1456261310||1406||4||201|0|0|||INST_NONE|
21:01:53|292|Timer.class|INST_NEW|Up|1456261310||933||4||201|0|0|||INST_NONE|
#=#=#=# Syncrun started 2016-02-23T15:02:31 until 2016-02-23T15:02:31 (299 msec)
#=#=#=# Syncrun started 2016-02-23T15:03:23 until 2016-02-23T15:03:23 (439 msec)
21:03:21|200|saveFile.sav|INST_NEW|Up|1456261401||2865||4||201|0|0|||INST_NONE|
#=#=#=# Syncrun started 2016-02-23T15:04:01 until 2016-02-23T15:04:02 (590 msec)
#=#=#=# Syncrun started 2016-02-23T15:08:56 until 2016-02-23T15:08:56 (430 msec)
21:08:54|229|SavedData.java|INST_SYNC|Up|1456261734||6057||4||204|5974|1456259711|12b183fb4d5ae29dd4e01cfcdc4ce10e|00253317ocs3ri6ikcvn|INST_NONE|
#=#=#=# Syncrun started 2016-02-23T15:09:10 until 2016-02-23T15:09:12 (1966 msec)
21:09:09|190|MineField.class|INST_REMOVE|Up|1456261310|3c9a8a76822fc99ebfb08ccadf1d2e9c|1930|00253812ocs3ri6ikcvn|4||204|0|0|||INST_NONE|
21:09:09|238|MineSweeper$1.class|INST_REMOVE|Up|1456261310|a0a8d3e099797061a9f4ad39de75cc5d|1154|00253815ocs3ri6ikcvn|4||204|0|0|||INST_NONE|
21:09:09|228|MineSweeper$2.class|INST_REMOVE|Up|1456261310|00f073d373c8ec5dff94a3bd4f7b23f7|1184|00253818ocs3ri6ikcvn|4||204|0|0|||INST_NONE|
21:09:10|1305|MineSweeper$3.class|INST_REMOVE|Up|1456261310|1d7bf6976b2e4f7ba88ace407aba811a|523|00253821ocs3ri6ikcvn|4||204|0|0|||INST_NONE|
21:09:09|181|MineSweeper$4.class|INST_REMOVE|Up|1456261310|fe6f117908f12b10f874ef94832cb1bb|762|00253827ocs3ri6ikcvn|4||204|0|0|||INST_NONE|
21:09:09|203|MineSweeper$5.class|INST_REMOVE|Up|1456261310|7444e53fcfae907be1c731e152b549d8|708|00253824ocs3ri6ikcvn|4||204|0|0|||INST_NONE|
21:09:09|184|MineSweeper$MouseHandler.class|INST_REMOVE|Up|1456261310|ea6b9666f1af3a366136938b9aae9458|2519|00253830ocs3ri6ikcvn|4||204|0|0|||INST_NONE|
21:09:09|186|MineSweeper.class|INST_REMOVE|Up|1456261310|3d9b4354d4836599fa7cddca6da8ef6b|9278|00253833ocs3ri6ikcvn|4||204|0|0|||INST_NONE|
21:09:10|199|SavedData.class|INST_REMOVE|Up|1456261310|cace0417f1f13f3a2749d52e2478d142|2716|00253836ocs3ri6ikcvn|4||204|0|0|||INST_NONE|
21:09:10|213|Score.class|INST_REMOVE|Up|1456261310|b9bb7a9701eb079f70a7a1e5808dbafd|1406|00253839ocs3ri6ikcvn|4||204|0|0|||INST_NONE|
21:09:10|200|Timer.class|INST_REMOVE|Up|1456261310|e00fca72c673605b9dbc0b4dc9f448c9|933|00253842ocs3ri6ikcvn|4||204|0|0|||INST_NONE|
#=#=#=# Syncrun started 2016-02-23T15:09:15 until 2016-02-23T15:09:16 (1752 msec)
21:09:13|224|MineField.class|INST_NEW|Up|1456261752||1930||4||201|0|0|||INST_NONE|
21:09:13|236|MineSweeper$1.class|INST_NEW|Up|1456261752||1154||4||201|0|0|||INST_NONE|
21:09:13|340|MineSweeper$2.class|INST_NEW|Up|1456261752||1184||4||201|0|0|||INST_NONE|
21:09:13|308|MineSweeper$3.class|INST_NEW|Up|1456261752||523||4||201|0|0|||INST_NONE|
21:09:13|306|MineSweeper$4.class|INST_NEW|Up|1456261752||762||4||201|0|0|||INST_NONE|
21:09:13|310|MineSweeper$5.class|INST_NEW|Up|1456261752||708||4||201|0|0|||INST_NONE|
21:09:14|197|MineSweeper$MouseHandler.class|INST_NEW|Up|1456261752||2519||4||201|0|0|||INST_NONE|
21:09:14|384|MineSweeper.class|INST_NEW|Up|1456261752||9278||4||201|0|0|||INST_NONE|
21:09:14|580|SavedData.class|INST_NEW|Up|1456261752||2743||4||201|0|0|||INST_NONE|
21:09:14|386|Score.class|INST_NEW|Up|1456261752||1406||4||201|0|0|||INST_NONE|
21:09:14|344|Timer.class|INST_NEW|Up|1456261752||933||4||201|0|0|||INST_NONE|
#=#=#=# Syncrun started 2016-02-23T15:10:01 until 2016-02-23T15:10:01 (399 msec)
#=#=#=# Syncrun started 2016-02-23T15:10:22 until 2016-02-23T15:10:23 (455 msec)
21:10:21|209|saveFile.sav|INST_SYNC|Up|1456261821||2865||4||204|2865|1456261401|c672f20e961ae1062772a8d815e2c1d5|00253845ocs3ri6ikcvn|INST_NONE|
#=#=#=# Syncrun started 2016-02-23T15:11:01 until 2016-02-23T15:11:01 (270 msec)
#=#=#=# Syncrun started 2016-02-23T15:12:51 until 2016-02-23T15:12:51 (643 msec)
21:12:49|225|SavedData.java|INST_SYNC|Up|1456261962||6101||4||204|6057|1456261734|53bfd4bf941e51843bcfaff980c91ead|00253317ocs3ri6ikcvn|INST_NONE|
#=#=#=# Syncrun started 2016-02-23T15:13:31 until 2016-02-23T15:13:31 (206 msec)
#=#=#=# Syncrun started 2016-02-23T15:29:50 until 2016-02-23T15:29:52 (1925 msec)
21:29:49|203|MineField.class|INST_REMOVE|Up|1456261752|ff6112ea16fdfb9097f30a2da532e934|1930|00253849ocs3ri6ikcvn|4||204|0|0|||INST_NONE|
21:29:49|220|MineSweeper$1.class|INST_REMOVE|Up|1456261752|fd3771b017cf75c03540fa8b4769c962|1154|00253852ocs3ri6ikcvn|4||204|0|0|||INST_NONE|
21:29:49|218|MineSweeper$2.class|INST_REMOVE|Up|1456261752|ebd8430b6fa9db28c735313491a4b333|1184|00253855ocs3ri6ikcvn|4||204|0|0|||INST_NONE|
21:29:49|624|MineSweeper$3.class|INST_REMOVE|Up|1456261752|ff82f168d8b8b137b70f46f90e55d4db|523|00253858ocs3ri6ikcvn|4||204|0|0|||INST_NONE|
21:29:49|192|MineSweeper$4.class|INST_REMOVE|Up|1456261752|ee7475d22f1dd6e5b79f1900ada0e7b8|762|00253861ocs3ri6ikcvn|4||204|0|0|||INST_NONE|
21:29:50|981|MineSweeper$5.class|INST_REMOVE|Up|1456261752|9b8775350afe6c96ac30e8546fbf7259|708|00253864ocs3ri6ikcvn|4||204|0|0|||INST_NONE|
21:29:49|185|MineSweeper$MouseHandler.class|INST_REMOVE|Up|1456261752|724c4cd3f80f1abaeb77cb2d04842688|2519|00253867ocs3ri6ikcvn|4||204|0|0|||INST_NONE|
21:29:49|204|MineSweeper.class|INST_REMOVE|Up|1456261752|bf0650db2bac6e6493753f30a3640889|9278|00253870ocs3ri6ikcvn|4||204|0|0|||INST_NONE|
21:29:49|185|SavedData.class|INST_REMOVE|Up|1456261752|1639419d400646fceae4f4797fbfc7cd|2743|00253876ocs3ri6ikcvn|4||204|0|0|||INST_NONE|
21:29:49|202|Score.class|INST_REMOVE|Up|1456261752|ecd1de5f28e83afd12a2a70410220058|1406|00253873ocs3ri6ikcvn|4||204|0|0|||INST_NONE|
21:29:50|197|Timer.class|INST_REMOVE|Up|1456261752|21e7156c43896f03cf35ec08b837dfa5|933|00253879ocs3ri6ikcvn|4||204|0|0|||INST_NONE|
#=#=#=# Syncrun started 2016-02-23T15:29:56 until 2016-02-23T15:30:02 (6344 msec)
21:29:54|5284|MineField.class|INST_NEW|Up|1456262994||1930||4||201|0|0|||INST_NONE|
21:29:54|5275|MineSweeper$1.class|INST_NEW|Up|1456262994||1154||4||201|0|0|||INST_NONE|
21:29:54|5289|MineSweeper$2.class|INST_NEW|Up|1456262994||1184||4||201|0|0|||INST_NONE|
21:29:59|427|MineSweeper$3.class|INST_NEW|Up|1456262994||523||4||201|0|0|||INST_NONE|
21:29:59|276|MineSweeper$4.class|INST_NEW|Up|1456262994||762||4||201|0|0|||INST_NONE|
21:29:59|345|MineSweeper$5.class|INST_NEW|Up|1456262994||708||4||201|0|0|||INST_NONE|
21:29:59|203|MineSweeper$MouseHandler.class|INST_NEW|Up|1456262994||2519||4||201|0|0|||INST_NONE|
21:30:00|237|MineSweeper.class|INST_NEW|Up|1456262994||9278||4||201|0|0|||INST_NONE|
21:30:00|257|Score.class|INST_NEW|Up|1456262994||1406||4||201|0|0|||INST_NONE|
21:30:00|253|Timer.class|INST_NEW|Up|1456262994||933||4||201|0|0|||INST_NONE|
#=#=#=# Syncrun started 2016-02-23T15:30:38 until 2016-02-23T15:30:39 (632 msec)
21:30:37|230|SavedData.java|INST_SYNC|Up|1456263036||6101||4||204|6101|1456261962|519466d7cc8d9edc12729981c9f14e1d|00253317ocs3ri6ikcvn|INST_NONE|
#=#=#=# Syncrun started 2016-02-23T15:30:45 until 2016-02-23T15:30:46 (1038 msec)
21:30:44|243|MineSweeper$1.class|INST_SYNC|Up|1456263044||1154||4||204|1154|1456262994|fb61d96816d0ba0d64dd27eac8361836|00253890ocs3ri6ikcvn|INST_NONE|
21:30:44|307|MineSweeper$2.class|INST_SYNC|Up|1456263044||1184||4||204|1184|1456262994|07b6a444ab227bcc87ced513233c553b|00253889ocs3ri6ikcvn|INST_NONE|
21:30:44|611|MineSweeper$3.class|INST_SYNC|Up|1456263044||523||4||204|523|1456262994|2a7183fb806ff440259855995b255d12|00253902ocs3ri6ikcvn|INST_NONE|
|0|MineSweeper$4.class|INST_SYNC|Up|1456263044||762||3|File Removed|0|762|1456262994|0a04125670341b63776855af080be330|00253896ocs3ri6ikcvn|INST_NONE|
|0|MineSweeper$5.class|INST_SYNC|Up|1456263044||708||3|File Removed|0|708|1456262994|6a74efb0238fe9e32457c82ea3b13998|00253899ocs3ri6ikcvn|INST_NONE|
|0|MineSweeper$MouseHandler.class|INST_SYNC|Up|1456263044||2519||3|File Removed|0|2519|1456262994|a76f6108f82ca255b2f57fc23f02ac05|00253893ocs3ri6ikcvn|INST_NONE|
|0|MineSweeper.class|INST_SYNC|Up|1456263044||9278||3|File Removed|0|9278|1456262994|eed8446204a1fa4f1b877ff5c656a708|00253905ocs3ri6ikcvn|INST_NONE|
#=#=#=# Syncrun started 2016-02-23T15:30:49 until 2016-02-23T15:30:50 (1430 msec)
21:30:47|194|MineField.class|INST_REMOVE|Up|1456262994|775853b088b028767ab8db5c908cd222|1930|00253888ocs3ri6ikcvn|4||204|0|0|||INST_NONE|
21:30:47|459|MineSweeper$1.class|INST_REMOVE|Up|1456263044|7f14acdb36527e1371ba7fb8b546ae4a|1154|00253890ocs3ri6ikcvn|4||204|0|0|||INST_NONE|
21:30:47|202|MineSweeper$2.class|INST_REMOVE|Up|1456263044|e52650acf8cc6d4eea5ba5f6500944ee|1184|00253889ocs3ri6ikcvn|4||204|0|0|||INST_NONE|
21:30:47|270|MineSweeper$3.class|INST_REMOVE|Up|1456263044|2557a6f51c3c2652611fc642f08a5a26|523|00253902ocs3ri6ikcvn|4||204|0|0|||INST_NONE|
21:30:48|548|MineSweeper$4.class|INST_REMOVE|Up|1456262994|0a04125670341b63776855af080be330|762|00253896ocs3ri6ikcvn|4||204|0|0|||INST_NONE|
21:30:47|189|MineSweeper$5.class|INST_REMOVE|Up|1456262994|6a74efb0238fe9e32457c82ea3b13998|708|00253899ocs3ri6ikcvn|4||204|0|0|||INST_NONE|
21:30:48|212|MineSweeper$MouseHandler.class|INST_REMOVE|Up|1456262994|a76f6108f82ca255b2f57fc23f02ac05|2519|00253893ocs3ri6ikcvn|4||204|0|0|||INST_NONE|
21:30:48|205|MineSweeper.class|INST_REMOVE|Up|1456262994|eed8446204a1fa4f1b877ff5c656a708|9278|00253905ocs3ri6ikcvn|4||204|0|0|||INST_NONE|
21:30:48|261|Score.class|INST_REMOVE|Up|1456262994|991b14c1c1a3d3e89e70dc42a9b171b0|1406|00253908ocs3ri6ikcvn|4||204|0|0|||INST_NONE|
21:30:48|236|Timer.class|INST_REMOVE|Up|1456262994|03e6ff92ce62fe2d2d981be315fb9231|933|00253911ocs3ri6ikcvn|4||204|0|0|||INST_NONE|
#=#=#=# Syncrun started 2016-02-23T15:30:52 until 2016-02-23T15:30:54 (1210 msec)
21:30:51|230|MineField.class|INST_NEW|Up|1456263050||1930||4||201|0|0|||INST_NONE|
21:30:51|354|MineSweeper$1.class|INST_NEW|Up|1456263050||1154||4||201|0|0|||INST_NONE|
21:30:51|252|MineSweeper$2.class|INST_NEW|Up|1456263050||1184||4||201|0|0|||INST_NONE|
21:30:51|210|MineSweeper$3.class|INST_NEW|Up|1456263050||523||4||201|0|0|||INST_NONE|
21:30:51|269|MineSweeper$4.class|INST_NEW|Up|1456263050||762||4||201|0|0|||INST_NONE|
21:30:51|323|MineSweeper$5.class|INST_NEW|Up|1456263050||708||4||201|0|0|||INST_NONE|
21:30:51|252|MineSweeper$MouseHandler.class|INST_NEW|Up|1456263050||2519||4||201|0|0|||INST_NONE|
21:30:51|233|MineSweeper.class|INST_NEW|Up|1456263050||9278||4||201|0|0|||INST_NONE|
21:30:51|229|SavedData.class|INST_NEW|Up|1456263051||2765||4||201|0|0|||INST_NONE|
21:30:51|260|Score.class|INST_NEW|Up|1456263050||1406||4||201|0|0|||INST_NONE|
21:30:51|247|Timer.class|INST_NEW|Up|1456263051||933||4||201|0|0|||INST_NONE|
#=#=#=# Syncrun started 2016-02-23T15:31:31 until 2016-02-23T15:31:32 (232 msec)
#=#=#=# Syncrun started 2016-02-23T15:31:37 until 2016-02-23T15:31:39 (1421 msec)
21:31:36|950|saveFile.sav|INST_SYNC|Up|1456263096||2865||4||204|2865|1456261821|06e9d7b6450fbe64d3cc95ece8a9bc99|00253845ocs3ri6ikcvn|INST_NONE|
#=#=#=# Syncrun started 2016-02-23T15:32:31 until 2016-02-23T15:32:31 (184 msec)
#=#=#=# Syncrun started 2016-02-23T15:42:33 until 2016-02-23T15:42:34 (1683 msec)
21:42:32|468|SavedData.java|INST_SYNC|Up|1456263751||6454||4||204|6101|1456263036|e6f225e9767091cc7f61c47ea9c4378b|00253317ocs3ri6ikcvn|INST_NONE|
#=#=#=# Syncrun started 2016-02-23T15:42:39 until 2016-02-23T15:42:41 (1565 msec)
21:42:37|225|MineSweeper$1.class|INST_SYNC|Up|1456263757||1154||4||204|1154|1456263050|8475d6af4eb6ab1f8faf0a9f8c09c4fb|00253924ocs3ri6ikcvn|INST_NONE|
21:42:37|309|MineSweeper$2.class|INST_SYNC|Up|1456263757||1184||4||204|1184|1456263050|93b2392ea7aaa0c98d71209a02eeffd6|00253921ocs3ri6ikcvn|INST_NONE|
21:42:39|1290|MineSweeper$3.class|INST_SYNC|Up|1456263757||523||4||204|523|1456263050|cabbe820bb9339be0945645d81d53ef4|00253927ocs3ri6ikcvn|INST_NONE|
|0|MineSweeper$4.class|INST_SYNC|Up|1456263757||762||3|File Removed|0|762|1456263050|c9893f3f21cab1d8e2fc309a89eaeff4|00253930ocs3ri6ikcvn|INST_NONE|
|0|MineSweeper$5.class|INST_SYNC|Up|1456263757||708||3|File Removed|0|708|1456263050|05eda751d83c475ef0937d77029a5937|00253936ocs3ri6ikcvn|INST_NONE|
|0|MineSweeper$MouseHandler.class|INST_SYNC|Up|1456263757||2519||3|File Removed|0|2519|1456263050|a6c08ab2625522f442197bfcf2c57973|00253933ocs3ri6ikcvn|INST_NONE|
|0|MineSweeper.class|INST_SYNC|Up|1456263757||9278||3|File Removed|0|9278|1456263050|d8e7df0d99bab5eb149c97bbcd040fa2|00253939ocs3ri6ikcvn|INST_NONE|
#=#=#=# Syncrun started 2016-02-23T15:42:43 until 2016-02-23T15:42:44 (1333 msec)
21:42:41|214|MineField.class|INST_REMOVE|Up|1456263050|077b5adde465f09f4e63d908f0a767fe|1930|00253918ocs3ri6ikcvn|4||204|0|0|||INST_NONE|
21:42:41|218|MineSweeper$1.class|INST_REMOVE|Up|1456263757|268b6a10fc2c80163ed3f845a6a1e8e1|1154|00253924ocs3ri6ikcvn|4||204|0|0|||INST_NONE|
21:42:41|218|MineSweeper$2.class|INST_REMOVE|Up|1456263757|257b1bcd1447ea80a8285ed33fd55f76|1184|00253921ocs3ri6ikcvn|4||204|0|0|||INST_NONE|
21:42:41|290|MineSweeper$3.class|INST_REMOVE|Up|1456263757|b12d5b88d3916b589613944dfb43813c|523|00253927ocs3ri6ikcvn|4||204|0|0|||INST_NONE|
21:42:41|249|MineSweeper$4.class|INST_REMOVE|Up|1456263050|c9893f3f21cab1d8e2fc309a89eaeff4|762|00253930ocs3ri6ikcvn|4||204|0|0|||INST_NONE|
21:42:41|243|MineSweeper$5.class|INST_REMOVE|Up|1456263050|05eda751d83c475ef0937d77029a5937|708|00253936ocs3ri6ikcvn|4||204|0|0|||INST_NONE|
21:42:42|208|MineSweeper$MouseHandler.class|INST_REMOVE|Up|1456263050|a6c08ab2625522f442197bfcf2c57973|2519|00253933ocs3ri6ikcvn|4||204|0|0|||INST_NONE|
21:42:42|231|MineSweeper.class|INST_REMOVE|Up|1456263050|d8e7df0d99bab5eb149c97bbcd040fa2|9278|00253939ocs3ri6ikcvn|4||204|0|0|||INST_NONE|
21:42:42|331|SavedData.class|INST_REMOVE|Up|1456263051|ebb4b45bd5fdf6753fbff73d7072d159|2765|00253942ocs3ri6ikcvn|4||204|0|0|||INST_NONE|
21:42:42|339|Score.class|INST_REMOVE|Up|1456263050|ac5182cfee580b3697c6ffa76b13347a|1406|00253945ocs3ri6ikcvn|4||204|0|0|||INST_NONE|
21:42:42|335|Timer.class|INST_REMOVE|Up|1456263051|b54427c9c91f1f6aa6a3c55a780f2c1c|933|00253948ocs3ri6ikcvn|4||204|0|0|||INST_NONE|
#=#=#=# Syncrun started 2016-02-23T15:42:49 until 2016-02-23T15:42:51 (2288 msec)
21:42:48|267|MineField.class|INST_NEW|Up|1456263767||1930||4||201|0|0|||INST_NONE|
21:42:48|590|MineSweeper$1.class|INST_NEW|Up|1456263767||1154||4||201|0|0|||INST_NONE|
21:42:49|1244|MineSweeper$2.class|INST_NEW|Up|1456263767||1184||4||201|0|0|||INST_NONE|
21:42:48|640|MineSweeper$3.class|INST_NEW|Up|1456263767||523||4||201|0|0|||INST_NONE|
21:42:48|181|MineSweeper$4.class|INST_NEW|Up|1456263767||762||4||201|0|0|||INST_NONE|
21:42:48|309|MineSweeper$5.class|INST_NEW|Up|1456263767||708||4||201|0|0|||INST_NONE|
21:42:49|247|MineSweeper$MouseHandler.class|INST_NEW|Up|1456263767||2519||4||201|0|0|||INST_NONE|
21:42:49|241|MineSweeper.class|INST_NEW|Up|1456263767||9278||4||201|0|0|||INST_NONE|
21:42:49|238|SavedData.class|INST_NEW|Up|1456263767||2857||4||201|0|0|||INST_NONE|
21:42:49|250|Score.class|INST_NEW|Up|1456263767||1406||4||201|0|0|||INST_NONE|
21:42:49|215|Timer.class|INST_NEW|Up|1456263767||933||4||201|0|0|||INST_NONE|
#=#=#=# Syncrun started 2016-02-23T15:43:28 until 2016-02-23T15:43:29 (1342 msec)
21:43:26|984|saveFile.sav|INST_SYNC|Up|1456263806||230||4||204|2865|1456263096|5dc6450512a44e0bd1afecc717c57c21|00253845ocs3ri6ikcvn|INST_NONE|
#=#=#=# Syncrun started 2016-02-23T15:44:31 until 2016-02-23T15:44:32 (697 msec)
#=#=#=# Syncrun started 2016-02-23T15:45:23 until 2016-02-23T15:45:23 (473 msec)
21:45:21|276|saveFile.sav|INST_SYNC|Up|1456263920||226||4||204|230|1456263806|0d22f22ee616332377dbd083df7b8361|00253845ocs3ri6ikcvn|INST_NONE|
#=#=#=# Syncrun started 2016-02-23T15:46:02 until 2016-02-23T15:46:02 (204 msec)
#=#=#=# Syncrun started 2016-02-23T15:48:23 until 2016-02-23T15:48:25 (1264 msec)
21:48:22|979|Score.java|INST_SYNC|Up|1456264101||2384||4||204|2358|1456261142|e7f7e564222fc5b4153b0b3fa7ecacc3|00253242ocs3ri6ikcvn|INST_NONE|
#=#=#=# Syncrun started 2016-02-23T15:48:33 until 2016-02-23T15:48:35 (1946 msec)
21:48:32|409|MineField.class|INST_REMOVE|Up|1456263767|ee47d1fe70e308bf8a882c284684e415|1930|00253956ocs3ri6ikcvn|4||204|0|0|||INST_NONE|
21:48:32|350|MineSweeper$1.class|INST_REMOVE|Up|1456263767|527e0a7592af3bf7b03d18420b5bdf28|1154|00253959ocs3ri6ikcvn|4||204|0|0|||INST_NONE|
21:48:32|351|MineSweeper$2.class|INST_REMOVE|Up|1456263767|cf6c5e749971f47f1e0d16b895690951|1184|00253974ocs3ri6ikcvn|4||204|0|0|||INST_NONE|
21:48:32|214|MineSweeper$3.class|INST_REMOVE|Up|1456263767|0734d77e7dc6815db49c9fdf132bd22b|523|00253965ocs3ri6ikcvn|4||204|0|0|||INST_NONE|
21:48:33|268|MineSweeper$4.class|INST_REMOVE|Up|1456263767|8cf877da69553d22365fcfbd88ae8165|762|00253962ocs3ri6ikcvn|4||204|0|0|||INST_NONE|
21:48:33|219|MineSweeper$5.class|INST_REMOVE|Up|1456263767|68d0fd00ee76c94006a23fa52b0f7d9b|708|00253968ocs3ri6ikcvn|4||204|0|0|||INST_NONE|
21:48:33|234|MineSweeper$MouseHandler.class|INST_REMOVE|Up|1456263767|e135e951ce1610baa4d9aa6f7df33b60|2519|00253971ocs3ri6ikcvn|4||204|0|0|||INST_NONE|
21:48:33|216|MineSweeper.class|INST_REMOVE|Up|1456263767|ef061b369567ff0734b2f5040020beb6|9278|00253977ocs3ri6ikcvn|4||204|0|0|||INST_NONE|
21:48:33|253|SavedData.class|INST_REMOVE|Up|1456263767|69381c3336e4d7f76e11a5992f190019|2857|00253980ocs3ri6ikcvn|4||204|0|0|||INST_NONE|
21:48:33|224|Score.class|INST_REMOVE|Up|1456263767|b3b65835e32f738b58747863ce39a53a|1406|00253983ocs3ri6ikcvn|4||204|0|0|||INST_NONE|
21:48:33|230|Timer.class|INST_REMOVE|Up|1456263767|e058aa9b66f66162dca74f78bada8d27|933|00253986ocs3ri6ikcvn|4||204|0|0|||INST_NONE|
#=#=#=# Syncrun started 2016-02-23T15:48:38 until 2016-02-23T15:48:39 (1551 msec)
21:48:36|218|MineField.class|INST_NEW|Up|1456264115||1930||4||201|0|0|||INST_NONE|
21:48:36|267|MineSweeper$1.class|INST_NEW|Up|1456264115||1154||4||201|0|0|||INST_NONE|
21:48:36|357|MineSweeper$2.class|INST_NEW|Up|1456264115||1184||4||201|0|0|||INST_NONE|
21:48:36|232|MineSweeper$3.class|INST_NEW|Up|1456264115||523||4||201|0|0|||INST_NONE|
21:48:36|258|MineSweeper$4.class|INST_NEW|Up|1456264115||762||4||201|0|0|||INST_NONE|
21:48:36|241|MineSweeper$5.class|INST_NEW|Up|1456264115||708||4||201|0|0|||INST_NONE|
21:48:36|245|MineSweeper$MouseHandler.class|INST_NEW|Up|1456264115||2519||4||201|0|0|||INST_NONE|
21:48:37|224|MineSweeper.class|INST_NEW|Up|1456264115||9278||4||201|0|0|||INST_NONE|
21:48:37|238|SavedData.class|INST_NEW|Up|1456264115||2857||4||201|0|0|||INST_NONE|
21:48:37|218|Score.class|INST_NEW|Up|1456264115||1415||4||201|0|0|||INST_NONE|
21:48:37|240|Timer.class|INST_NEW|Up|1456264115||933||4||201|0|0|||INST_NONE|
#=#=#=# Syncrun started 2016-02-23T15:49:23 until 2016-02-23T15:49:24 (709 msec)
21:49:21|382|saveFile.sav|INST_SYNC|Up|1456264161||222||4||204|226|1456263920|6cf410a610ed7eac374bf5b7857dc0a0|00253845ocs3ri6ikcvn|INST_NONE|
#=#=#=# Syncrun started 2016-02-23T15:50:01 until 2016-02-23T15:50:01 (268 msec)
#=#=#=# Syncrun started 2016-02-23T15:54:07 until 2016-02-23T15:54:08 (1457 msec)
21:54:05|1036|MineSweeper.java|INST_SYNC|Up|1456264445||15552||4||204|15525|1456261295|9c8d053b812bc83d7208ad2fe6ab8b42|00253270ocs3ri6ikcvn|INST_NONE|
#=#=#=# Syncrun started 2016-02-23T15:54:11 until 2016-02-23T15:54:12 (1321 msec)
21:54:09|176|MineField.class|INST_REMOVE|Up|1456264115|30b5b1ea41e30623448ed020b93f7d7b|1930|00253992ocs3ri6ikcvn|4||204|0|0|||INST_NONE|
21:54:09|237|MineSweeper$1.class|INST_REMOVE|Up|1456264115|a464bed180ca1f6888ce5c444dc68134|1154|00253995ocs3ri6ikcvn|4||204|0|0|||INST_NONE|
21:54:09|228|MineSweeper$2.class|INST_REMOVE|Up|1456264115|3b34a4a908303a66dfe4196aa450fdc2|1184|00253998ocs3ri6ikcvn|4||204|0|0|||INST_NONE|
21:54:09|291|MineSweeper$3.class|INST_REMOVE|Up|1456264115|fdbcc551da18c915cb73a3db32037035|523|00254001ocs3ri6ikcvn|4||204|0|0|||INST_NONE|
21:54:09|227|MineSweeper$4.class|INST_REMOVE|Up|1456264115|1173b72d2c126f0b10bd321e894583d2|762|00254004ocs3ri6ikcvn|4||204|0|0|||INST_NONE|
21:54:09|228|MineSweeper$5.class|INST_REMOVE|Up|1456264115|e5c0acd6cfd55a8a6c84c4a5e90deabb|708|00254007ocs3ri6ikcvn|4||204|0|0|||INST_NONE|
21:54:09|232|MineSweeper$MouseHandler.class|INST_REMOVE|Up|1456264115|44b53bdaa11a1529cd8e7ccde8a4e36f|2519|00254010ocs3ri6ikcvn|4||204|0|0|||INST_NONE|
21:54:09|229|MineSweeper.class|INST_REMOVE|Up|1456264115|80c31f0b02329e573ba443fa89b45809|9278|00254013ocs3ri6ikcvn|4||204|0|0|||INST_NONE|
21:54:09|247|SavedData.class|INST_REMOVE|Up|1456264115|f181155c744d5c1de7c0dec7ce3e4157|2857|00254016ocs3ri6ikcvn|4||204|0|0|||INST_NONE|
21:54:09|237|Score.class|INST_REMOVE|Up|1456264115|f06fd9ee2c9cd2da61817627eb8262a6|1415|00254019ocs3ri6ikcvn|4||204|0|0|||INST_NONE|
21:54:09|237|Timer.class|INST_REMOVE|Up|1456264115|529338166fc808b0d67b77ca4b7d2cb6|933|00254022ocs3ri6ikcvn|4||204|0|0|||INST_NONE|
#=#=#=# Syncrun started 2016-02-23T15:54:14 until 2016-02-23T15:54:16 (1940 msec)
21:54:12|291|MineField.class|INST_NEW|Up|1456264451||1930||4||201|0|0|||INST_NONE|
21:54:12|309|MineSweeper$1.class|INST_NEW|Up|1456264451||1154||4||201|0|0|||INST_NONE|
21:54:12|447|MineSweeper$2.class|INST_NEW|Up|1456264451||1184||4||201|0|0|||INST_NONE|
21:54:13|903|MineSweeper$3.class|INST_NEW|Up|1456264451||523||4||201|0|0|||INST_NONE|
21:54:13|751|MineSweeper$4.class|INST_NEW|Up|1456264451||762||4||201|0|0|||INST_NONE|
21:54:13|288|MineSweeper$5.class|INST_NEW|Up|1456264451||708||4||201|0|0|||INST_NONE|
21:54:13|292|MineSweeper$MouseHandler.class|INST_NEW|Up|1456264451||2519||4||201|0|0|||INST_NONE|
21:54:13|184|MineSweeper.class|INST_NEW|Up|1456264451||9287||4||201|0|0|||INST_NONE|
21:54:13|309|SavedData.class|INST_NEW|Up|1456264452||2857||4||201|0|0|||INST_NONE|
21:54:13|241|Score.class|INST_NEW|Up|1456264452||1415||4||201|0|0|||INST_NONE|
21:54:13|291|Timer.class|INST_NEW|Up|1456264452||933||4||201|0|0|||INST_NONE|
#=#=#=# Syncrun started 2016-02-23T15:54:47 until 2016-02-23T15:54:48 (982 msec)
21:54:46|290|saveFile.sav|INST_REMOVE|Up|1456264161|8631d19b5b0d403f5994af855b862952|222|00253845ocs3ri6ikcvn|4||204|0|0|||INST_NONE|
#=#=#=# Syncrun started 2016-02-23T15:55:32 until 2016-02-23T15:55:32 (341 msec)
#=#=#=# Syncrun started 2016-02-23T15:55:49 until 2016-02-23T15:55:51 (1940 msec)
21:55:48|208|MineField.class|INST_REMOVE|Up|1456264451|cff7df2639b2554b1a6b05119617dce1|1930|00254027ocs3ri6ikcvn|4||204|0|0|||INST_NONE|
21:55:48|321|MineSweeper$1.class|INST_REMOVE|Up|1456264451|d7186d953bbfa9380b172c71e4e80f75|1154|00254030ocs3ri6ikcvn|4||204|0|0|||INST_NONE|
21:55:48|287|MineSweeper$2.class|INST_REMOVE|Up|1456264451|ae0d88989335c072b4ec88ddaa66aafd|1184|00254033ocs3ri6ikcvn|4||204|0|0|||INST_NONE|
21:55:49|805|MineSweeper$3.class|INST_REMOVE|Up|1456264451|edee86a1ac5ad949f8bfeef0d881e65d|523|00254045ocs3ri6ikcvn|4||204|0|0|||INST_NONE|
21:55:48|185|MineSweeper$4.class|INST_REMOVE|Up|1456264451|cc5c59915eeb9d4e1cc45de3f76565ab|762|00254042ocs3ri6ikcvn|4||204|0|0|||INST_NONE|
21:55:48|212|MineSweeper$5.class|INST_REMOVE|Up|1456264451|bf3af9e57a874ba447c99f8157c1c6a3|708|00254036ocs3ri6ikcvn|4||204|0|0|||INST_NONE|
21:55:48|187|MineSweeper$MouseHandler.class|INST_REMOVE|Up|1456264451|748fe23e05a193aa35a8a42326194b72|2519|00254039ocs3ri6ikcvn|4||204|0|0|||INST_NONE|
21:55:49|211|MineSweeper.class|INST_REMOVE|Up|1456264451|78e0ff57cb288eb53ad4cf723c0433d8|9287|00254048ocs3ri6ikcvn|4||204|0|0|||INST_NONE|
21:55:49|288|SavedData.class|INST_REMOVE|Up|1456264452|2f0821bdc297b9de3b4c7f0b3af47e48|2857|00254051ocs3ri6ikcvn|4||204|0|0|||INST_NONE|
21:55:49|232|Score.class|INST_REMOVE|Up|1456264452|6ae509f97421a405502b36705ec859cb|1415|00254054ocs3ri6ikcvn|4||204|0|0|||INST_NONE|
21:55:49|227|Timer.class|INST_REMOVE|Up|1456264452|40ac3439b853addb92c6cd72d724dcfc|933|00254057ocs3ri6ikcvn|4||204|0|0|||INST_NONE|
#=#=#=# Syncrun started 2016-02-23T15:55:56 until 2016-02-23T15:55:56 (506 msec)
21:55:54|310|flag.png|INST_REMOVE|Up|1456257102|0e2613aa98b94728a1dcf5ede2fcaf4f|1087|00253696ocs3ri6ikcvn|4||204|0|0|||INST_NONE|
#=#=#=# Syncrun started 2016-02-23T15:56:00 until 2016-02-23T15:56:01 (499 msec)
21:55:58|295|mine.png|INST_REMOVE|Up|1456257102|e634633d02307cedcc7c26f27997bab1|1483|00253697ocs3ri6ikcvn|4||204|0|0|||INST_NONE|
#=#=#=# Syncrun started 2016-02-23T15:56:04 until 2016-02-23T15:56:05 (506 msec)
21:56:02|189|question.png|INST_REMOVE|Up|1456257102|2e50e605424195c6a13f33d62dc0f59f|351|00253698ocs3ri6ikcvn|4||204|0|0|||INST_NONE|
#=#=#=# Syncrun started 2016-02-23T15:57:01 until 2016-02-23T15:57:01 (200 msec)
